-- Install configuration: ""
-- Up-to-date: /ros2_ws/src/install/robot_description/share/robot_description//urdf
-- Up-to-date: /ros2_ws/src/install/robot_description/share/robot_description//urdf/base
-- Up-to-date: /ros2_ws/src/install/robot_description/share/robot_description//urdf/base/mpo_500.urdf
-- Up-to-date: /ros2_ws/src/install/robot_description/share/robot_description//urdf/base/koubot_base.xacro
-- Installing: /ros2_ws/src/install/robot_description/share/robot_description//urdf/base/koubot_base.gazebo
-- Up-to-date: /ros2_ws/src/install/robot_description/share/robot_description//urdf/manipulator
-- Up-to-date: /ros2_ws/src/install/robot_description/share/robot_description//rviz
-- Up-to-date: /ros2_ws/src/install/robot_description/share/robot_description//rviz/urdf.rviz
-- Up-to-date: /ros2_ws/src/install/robot_description/share/robot_description//launch
-- Up-to-date: /ros2_ws/src/install/robot_description/share/robot_description//launch/spawn.launch.py
-- Up-to-date: /ros2_ws/src/install/robot_description/share/robot_description//config
-- Up-to-date: /ros2_ws/src/install/robot_description/share/robot_description//config/rb1_controller.yaml
-- Up-to-date: /ros2_ws/src/install/robot_description/share/robot_description//config/koubot_controller.yaml
-- Up-to-date: /ros2_ws/src/install/robot_description/share/robot_description//config/navigation.yaml
-- Up-to-date: /ros2_ws/src/install/robot_description/share/robot_description//meshes
-- Up-to-date: /ros2_ws/src/install/robot_description/share/robot_description//meshes/chassis.stl
-- Up-to-date: /ros2_ws/src/install/robot_description/share/robot_description//meshes/chassis.dae
-- Up-to-date: /ros2_ws/src/install/robot_description/share/robot_description//meshes/wheels.dae
-- Up-to-date: /ros2_ws/src/install/robot_description/share/ament_index/resource_index/package_run_dependencies/robot_description
-- Up-to-date: /ros2_ws/src/install/robot_description/share/ament_index/resource_index/parent_prefix_path/robot_description
-- Up-to-date: /ros2_ws/src/install/robot_description/share/robot_description/environment/ament_prefix_path.sh
-- Up-to-date: /ros2_ws/src/install/robot_description/share/robot_description/environment/ament_prefix_path.dsv
-- Up-to-date: /ros2_ws/src/install/robot_description/share/robot_description/environment/path.sh
-- Up-to-date: /ros2_ws/src/install/robot_description/share/robot_description/environment/path.dsv
-- Up-to-date: /ros2_ws/src/install/robot_description/share/robot_description/local_setup.bash
-- Up-to-date: /ros2_ws/src/install/robot_description/share/robot_description/local_setup.sh
-- Up-to-date: /ros2_ws/src/install/robot_description/share/robot_description/local_setup.zsh
-- Up-to-date: /ros2_ws/src/install/robot_description/share/robot_description/local_setup.dsv
-- Up-to-date: /ros2_ws/src/install/robot_description/share/robot_description/package.dsv
-- Up-to-date: /ros2_ws/src/install/robot_description/share/ament_index/resource_index/packages/robot_description
-- Up-to-date: /ros2_ws/src/install/robot_description/share/robot_description/cmake/robot_descriptionConfig.cmake
-- Up-to-date: /ros2_ws/src/install/robot_description/share/robot_description/cmake/robot_descriptionConfig-version.cmake
-- Up-to-date: /ros2_ws/src/install/robot_description/share/robot_description/package.xml
