[0.486s] DEBUG:colcon:Command line arguments: ['/usr/bin/colcon', 'build']
[0.486s] DEBUG:colcon:Parsed command line arguments: Namespace(ament_cmake_args=None, base_paths=['.'], build_base='build', catkin_cmake_args=None, catkin_skip_building_tests=False, cmake_args=None, cmake_clean_cache=False, cmake_clean_first=False, cmake_force_configure=False, cmake_target=None, cmake_target_skip_unavailable=False, continue_on_error=False, event_handlers=None, executor='parallel', ignore_user_meta=False, install_base='install', log_base=None, log_level=None, main=<bound method BuildVerb.main of <colcon_core.verb.build.BuildVerb object at 0x7feea45e9d60>>, merge_install=False, metas=['./colcon.meta'], mixin=None, mixin_files=None, mixin_verb=('build',), packages_above=None, packages_above_and_dependencies=None, packages_above_depth=None, packages_end=None, packages_ignore=None, packages_ignore_regex=None, packages_select=None, packages_select_build_failed=False, packages_select_by_dep=None, packages_select_regex=None, packages_select_test_failures=False, packages_skip=None, packages_skip_build_finished=False, packages_skip_by_dep=None, packages_skip_regex=None, packages_skip_test_passed=False, packages_skip_up_to=None, packages_start=None, packages_up_to=None, packages_up_to_regex=None, parallel_workers=12, paths=None, symlink_install=False, test_result_base=None, verb_extension=<colcon_core.verb.build.BuildVerb object at 0x7feea45e9d60>, verb_name='build', verb_parser=<colcon_mixin.mixin.mixin_argument.MixinArgumentDecorator object at 0x7feea45f3370>)
[0.534s] Level 1:colcon.colcon_core.package_discovery:discover_packages(colcon_meta) check parameters
[0.534s] INFO:colcon.colcon_metadata.package_discovery.colcon_meta:Using configuration from '/root/.colcon/metadata/default/Gazebo.meta'
[0.535s] INFO:colcon.colcon_metadata.package_discovery.colcon_meta:Using configuration from '/root/.colcon/metadata/default/fastrtps.meta'
[0.535s] Level 1:colcon.colcon_core.package_discovery:discover_packages(recursive) check parameters
[0.535s] Level 1:colcon.colcon_core.package_discovery:discover_packages(ignore) check parameters
[0.535s] Level 1:colcon.colcon_core.package_discovery:discover_packages(path) check parameters
[0.535s] Level 1:colcon.colcon_core.package_discovery:discover_packages(colcon_meta) discover
[0.535s] Level 1:colcon.colcon_core.package_discovery:discover_packages(recursive) discover
[0.535s] INFO:colcon.colcon_core.package_discovery:Crawling recursively for packages in '/ros2_ws/src'
[0.535s] Level 1:colcon.colcon_core.package_identification:_identify(.) by extensions ['ignore', 'ignore_ament_install']
[0.536s] Level 1:colcon.colcon_core.package_identification:_identify(.) by extension 'ignore'
[0.536s] Level 1:colcon.colcon_core.package_identification:_identify(.) by extension 'ignore_ament_install'
[0.536s] Level 1:colcon.colcon_core.package_identification:_identify(.) by extensions ['colcon_pkg']
[0.536s] Level 1:colcon.colcon_core.package_identification:_identify(.) by extension 'colcon_pkg'
[0.536s] Level 1:colcon.colcon_core.package_identification:_identify(.) by extensions ['colcon_meta']
[0.536s] Level 1:colcon.colcon_core.package_identification:_identify(.) by extension 'colcon_meta'
[0.536s] Level 1:colcon.colcon_core.package_identification:_identify(.) by extensions ['ros']
[0.536s] Level 1:colcon.colcon_core.package_identification:_identify(.) by extension 'ros'
[0.562s] Level 1:colcon.colcon_core.package_identification:_identify(.) by extensions ['cmake', 'python']
[0.562s] Level 1:colcon.colcon_core.package_identification:_identify(.) by extension 'cmake'
[0.562s] Level 1:colcon.colcon_core.package_identification:_identify(.) by extension 'python'
[0.562s] Level 1:colcon.colcon_core.package_identification:_identify(.) by extensions ['python_setup_py']
[0.562s] Level 1:colcon.colcon_core.package_identification:_identify(.) by extension 'python_setup_py'
[0.562s] Level 1:colcon.colcon_core.package_identification:_identify(build) by extensions ['ignore', 'ignore_ament_install']
[0.563s] Level 1:colcon.colcon_core.package_identification:_identify(build) by extension 'ignore'
[0.563s] Level 1:colcon.colcon_core.package_identification:_identify(build) ignored
[0.563s] Level 1:colcon.colcon_core.package_identification:_identify(install) by extensions ['ignore', 'ignore_ament_install']
[0.563s] Level 1:colcon.colcon_core.package_identification:_identify(install) by extension 'ignore'
[0.563s] Level 1:colcon.colcon_core.package_identification:_identify(install) ignored
[0.563s] Level 1:colcon.colcon_core.package_identification:_identify(koubot_gazebo) by extensions ['ignore', 'ignore_ament_install']
[0.563s] Level 1:colcon.colcon_core.package_identification:_identify(koubot_gazebo) by extension 'ignore'
[0.563s] Level 1:colcon.colcon_core.package_identification:_identify(koubot_gazebo) by extension 'ignore_ament_install'
[0.563s] Level 1:colcon.colcon_core.package_identification:_identify(koubot_gazebo) by extensions ['colcon_pkg']
[0.563s] Level 1:colcon.colcon_core.package_identification:_identify(koubot_gazebo) by extension 'colcon_pkg'
[0.563s] Level 1:colcon.colcon_core.package_identification:_identify(koubot_gazebo) by extensions ['colcon_meta']
[0.563s] Level 1:colcon.colcon_core.package_identification:_identify(koubot_gazebo) by extension 'colcon_meta'
[0.564s] Level 1:colcon.colcon_core.package_identification:_identify(koubot_gazebo) by extensions ['ros']
[0.564s] Level 1:colcon.colcon_core.package_identification:_identify(koubot_gazebo) by extension 'ros'
[0.571s] DEBUG:colcon.colcon_core.package_identification:Package 'koubot_gazebo' with type 'ros.ament_cmake' and name 'koubot_gazebo'
[0.571s] Level 1:colcon.colcon_core.package_identification:_identify(koubot_nav) by extensions ['ignore', 'ignore_ament_install']
[0.572s] Level 1:colcon.colcon_core.package_identification:_identify(koubot_nav) by extension 'ignore'
[0.572s] Level 1:colcon.colcon_core.package_identification:_identify(koubot_nav) by extension 'ignore_ament_install'
[0.572s] Level 1:colcon.colcon_core.package_identification:_identify(koubot_nav) by extensions ['colcon_pkg']
[0.572s] Level 1:colcon.colcon_core.package_identification:_identify(koubot_nav) by extension 'colcon_pkg'
[0.572s] Level 1:colcon.colcon_core.package_identification:_identify(koubot_nav) by extensions ['colcon_meta']
[0.572s] Level 1:colcon.colcon_core.package_identification:_identify(koubot_nav) by extension 'colcon_meta'
[0.572s] Level 1:colcon.colcon_core.package_identification:_identify(koubot_nav) by extensions ['ros']
[0.572s] Level 1:colcon.colcon_core.package_identification:_identify(koubot_nav) by extension 'ros'
[0.573s] DEBUG:colcon.colcon_core.package_identification:Package 'koubot_nav' with type 'ros.ament_cmake' and name 'koubot_nav'
[0.574s] Level 1:colcon.colcon_core.package_identification:_identify(log) by extensions ['ignore', 'ignore_ament_install']
[0.574s] Level 1:colcon.colcon_core.package_identification:_identify(log) by extension 'ignore'
[0.574s] Level 1:colcon.colcon_core.package_identification:_identify(log) ignored
[0.574s] Level 1:colcon.colcon_core.package_identification:_identify(robot_description) by extensions ['ignore', 'ignore_ament_install']
[0.574s] Level 1:colcon.colcon_core.package_identification:_identify(robot_description) by extension 'ignore'
[0.574s] Level 1:colcon.colcon_core.package_identification:_identify(robot_description) by extension 'ignore_ament_install'
[0.575s] Level 1:colcon.colcon_core.package_identification:_identify(robot_description) by extensions ['colcon_pkg']
[0.575s] Level 1:colcon.colcon_core.package_identification:_identify(robot_description) by extension 'colcon_pkg'
[0.575s] Level 1:colcon.colcon_core.package_identification:_identify(robot_description) by extensions ['colcon_meta']
[0.575s] Level 1:colcon.colcon_core.package_identification:_identify(robot_description) by extension 'colcon_meta'
[0.575s] Level 1:colcon.colcon_core.package_identification:_identify(robot_description) by extensions ['ros']
[0.575s] Level 1:colcon.colcon_core.package_identification:_identify(robot_description) by extension 'ros'
[0.578s] DEBUG:colcon.colcon_core.package_identification:Package 'robot_description' with type 'ros.ament_cmake' and name 'robot_description'
[0.578s] Level 1:colcon.colcon_core.package_discovery:discover_packages(recursive) using defaults
[0.578s] Level 1:colcon.colcon_core.package_discovery:discover_packages(ignore) discover
[0.578s] Level 1:colcon.colcon_core.package_discovery:discover_packages(ignore) using defaults
[0.578s] Level 1:colcon.colcon_core.package_discovery:discover_packages(path) discover
[0.578s] Level 1:colcon.colcon_core.package_discovery:discover_packages(path) using defaults
[0.612s] Level 5:colcon.colcon_core.verb:set package 'koubot_gazebo' build argument 'cmake_args' from command line to 'None'
[0.612s] Level 5:colcon.colcon_core.verb:set package 'koubot_gazebo' build argument 'cmake_target' from command line to 'None'
[0.612s] Level 5:colcon.colcon_core.verb:set package 'koubot_gazebo' build argument 'cmake_target_skip_unavailable' from command line to 'False'
[0.612s] Level 5:colcon.colcon_core.verb:set package 'koubot_gazebo' build argument 'cmake_clean_cache' from command line to 'False'
[0.612s] Level 5:colcon.colcon_core.verb:set package 'koubot_gazebo' build argument 'cmake_clean_first' from command line to 'False'
[0.612s] Level 5:colcon.colcon_core.verb:set package 'koubot_gazebo' build argument 'cmake_force_configure' from command line to 'False'
[0.612s] Level 5:colcon.colcon_core.verb:set package 'koubot_gazebo' build argument 'ament_cmake_args' from command line to 'None'
[0.612s] Level 5:colcon.colcon_core.verb:set package 'koubot_gazebo' build argument 'catkin_cmake_args' from command line to 'None'
[0.612s] Level 5:colcon.colcon_core.verb:set package 'koubot_gazebo' build argument 'catkin_skip_building_tests' from command line to 'False'
[0.613s] DEBUG:colcon.colcon_core.verb:Building package 'koubot_gazebo' with the following arguments: {'ament_cmake_args': None, 'build_base': '/ros2_ws/src/build/koubot_gazebo', 'catkin_cmake_args': None, 'catkin_skip_building_tests': False, 'cmake_args': None, 'cmake_clean_cache': False, 'cmake_clean_first': False, 'cmake_force_configure': False, 'cmake_target': None, 'cmake_target_skip_unavailable': False, 'install_base': '/ros2_ws/src/install/koubot_gazebo', 'merge_install': False, 'path': '/ros2_ws/src/koubot_gazebo', 'symlink_install': False, 'test_result_base': None}
[0.614s] Level 5:colcon.colcon_core.verb:set package 'koubot_nav' build argument 'cmake_args' from command line to 'None'
[0.614s] Level 5:colcon.colcon_core.verb:set package 'koubot_nav' build argument 'cmake_target' from command line to 'None'
[0.614s] Level 5:colcon.colcon_core.verb:set package 'koubot_nav' build argument 'cmake_target_skip_unavailable' from command line to 'False'
[0.614s] Level 5:colcon.colcon_core.verb:set package 'koubot_nav' build argument 'cmake_clean_cache' from command line to 'False'
[0.614s] Level 5:colcon.colcon_core.verb:set package 'koubot_nav' build argument 'cmake_clean_first' from command line to 'False'
[0.614s] Level 5:colcon.colcon_core.verb:set package 'koubot_nav' build argument 'cmake_force_configure' from command line to 'False'
[0.614s] Level 5:colcon.colcon_core.verb:set package 'koubot_nav' build argument 'ament_cmake_args' from command line to 'None'
[0.614s] Level 5:colcon.colcon_core.verb:set package 'koubot_nav' build argument 'catkin_cmake_args' from command line to 'None'
[0.614s] Level 5:colcon.colcon_core.verb:set package 'koubot_nav' build argument 'catkin_skip_building_tests' from command line to 'False'
[0.614s] DEBUG:colcon.colcon_core.verb:Building package 'koubot_nav' with the following arguments: {'ament_cmake_args': None, 'build_base': '/ros2_ws/src/build/koubot_nav', 'catkin_cmake_args': None, 'catkin_skip_building_tests': False, 'cmake_args': None, 'cmake_clean_cache': False, 'cmake_clean_first': False, 'cmake_force_configure': False, 'cmake_target': None, 'cmake_target_skip_unavailable': False, 'install_base': '/ros2_ws/src/install/koubot_nav', 'merge_install': False, 'path': '/ros2_ws/src/koubot_nav', 'symlink_install': False, 'test_result_base': None}
[0.615s] Level 5:colcon.colcon_core.verb:set package 'robot_description' build argument 'cmake_args' from command line to 'None'
[0.615s] Level 5:colcon.colcon_core.verb:set package 'robot_description' build argument 'cmake_target' from command line to 'None'
[0.615s] Level 5:colcon.colcon_core.verb:set package 'robot_description' build argument 'cmake_target_skip_unavailable' from command line to 'False'
[0.615s] Level 5:colcon.colcon_core.verb:set package 'robot_description' build argument 'cmake_clean_cache' from command line to 'False'
[0.615s] Level 5:colcon.colcon_core.verb:set package 'robot_description' build argument 'cmake_clean_first' from command line to 'False'
[0.615s] Level 5:colcon.colcon_core.verb:set package 'robot_description' build argument 'cmake_force_configure' from command line to 'False'
[0.616s] Level 5:colcon.colcon_core.verb:set package 'robot_description' build argument 'ament_cmake_args' from command line to 'None'
[0.616s] Level 5:colcon.colcon_core.verb:set package 'robot_description' build argument 'catkin_cmake_args' from command line to 'None'
[0.616s] Level 5:colcon.colcon_core.verb:set package 'robot_description' build argument 'catkin_skip_building_tests' from command line to 'False'
[0.616s] DEBUG:colcon.colcon_core.verb:Building package 'robot_description' with the following arguments: {'ament_cmake_args': None, 'build_base': '/ros2_ws/src/build/robot_description', 'catkin_cmake_args': None, 'catkin_skip_building_tests': False, 'cmake_args': None, 'cmake_clean_cache': False, 'cmake_clean_first': False, 'cmake_force_configure': False, 'cmake_target': None, 'cmake_target_skip_unavailable': False, 'install_base': '/ros2_ws/src/install/robot_description', 'merge_install': False, 'path': '/ros2_ws/src/robot_description', 'symlink_install': False, 'test_result_base': None}
[0.616s] INFO:colcon.colcon_core.executor:Executing jobs using 'parallel' executor
[0.622s] DEBUG:colcon.colcon_parallel_executor.executor.parallel:run_until_complete
[0.622s] INFO:colcon.colcon_ros.task.ament_cmake.build:Building ROS package in '/ros2_ws/src/koubot_gazebo' with build type 'ament_cmake'
[0.622s] INFO:colcon.colcon_cmake.task.cmake.build:Building CMake package in '/ros2_ws/src/koubot_gazebo'
[0.630s] INFO:colcon.colcon_core.plugin_system:Skipping extension 'colcon_core.shell.bat': Not used on non-Windows systems
[0.630s] INFO:colcon.colcon_core.shell:Skip shell extension 'powershell' for command environment: Not usable outside of PowerShell
[0.630s] DEBUG:colcon.colcon_core.shell:Skip shell extension 'dsv' for command environment
[0.641s] INFO:colcon.colcon_ros.task.ament_cmake.build:Building ROS package in '/ros2_ws/src/koubot_nav' with build type 'ament_cmake'
[0.642s] INFO:colcon.colcon_cmake.task.cmake.build:Building CMake package in '/ros2_ws/src/koubot_nav'
[0.644s] INFO:colcon.colcon_core.shell:Skip shell extension 'powershell' for command environment: Not usable outside of PowerShell
[0.644s] DEBUG:colcon.colcon_core.shell:Skip shell extension 'dsv' for command environment
[0.656s] INFO:colcon.colcon_ros.task.ament_cmake.build:Building ROS package in '/ros2_ws/src/robot_description' with build type 'ament_cmake'
[0.656s] INFO:colcon.colcon_cmake.task.cmake.build:Building CMake package in '/ros2_ws/src/robot_description'
[0.660s] INFO:colcon.colcon_core.shell:Skip shell extension 'powershell' for command environment: Not usable outside of PowerShell
[0.660s] DEBUG:colcon.colcon_core.shell:Skip shell extension 'dsv' for command environment
[0.680s] DEBUG:colcon.colcon_core.event_handler.log_command:Invoking command in '/ros2_ws/src/build/koubot_gazebo': CMAKE_PREFIX_PATH=${CMAKE_PREFIX_PATH}:/env_ws/install/turtlebot3_teleop:/env_ws/install/turtlebot3_example:/opt/ros/galactic /usr/bin/cmake /ros2_ws/src/koubot_gazebo -DCMAKE_INSTALL_PREFIX=/ros2_ws/src/install/koubot_gazebo
[0.686s] DEBUG:colcon.colcon_core.event_handler.log_command:Invoking command in '/ros2_ws/src/build/koubot_nav': CMAKE_PREFIX_PATH=${CMAKE_PREFIX_PATH}:/env_ws/install/turtlebot3_teleop:/env_ws/install/turtlebot3_example:/opt/ros/galactic /usr/bin/cmake /ros2_ws/src/koubot_nav -DCMAKE_INSTALL_PREFIX=/ros2_ws/src/install/koubot_nav
[0.693s] DEBUG:colcon.colcon_core.event_handler.log_command:Invoking command in '/ros2_ws/src/build/robot_description': CMAKE_PREFIX_PATH=${CMAKE_PREFIX_PATH}:/env_ws/install/turtlebot3_teleop:/env_ws/install/turtlebot3_example:/opt/ros/galactic /usr/bin/cmake /ros2_ws/src/robot_description -DCMAKE_INSTALL_PREFIX=/ros2_ws/src/install/robot_description
[2.079s] DEBUG:colcon.colcon_core.event_handler.log_command:Invoked command in '/ros2_ws/src/build/koubot_nav' returned '0': CMAKE_PREFIX_PATH=${CMAKE_PREFIX_PATH}:/env_ws/install/turtlebot3_teleop:/env_ws/install/turtlebot3_example:/opt/ros/galactic /usr/bin/cmake /ros2_ws/src/koubot_nav -DCMAKE_INSTALL_PREFIX=/ros2_ws/src/install/koubot_nav
[2.083s] DEBUG:colcon.colcon_core.event_handler.log_command:Invoking command in '/ros2_ws/src/build/koubot_nav': CMAKE_PREFIX_PATH=${CMAKE_PREFIX_PATH}:/env_ws/install/turtlebot3_teleop:/env_ws/install/turtlebot3_example:/opt/ros/galactic /usr/bin/cmake --build /ros2_ws/src/build/koubot_nav -- -j12 -l12
[2.088s] DEBUG:colcon.colcon_core.event_handler.log_command:Invoked command in '/ros2_ws/src/build/robot_description' returned '0': CMAKE_PREFIX_PATH=${CMAKE_PREFIX_PATH}:/env_ws/install/turtlebot3_teleop:/env_ws/install/turtlebot3_example:/opt/ros/galactic /usr/bin/cmake /ros2_ws/src/robot_description -DCMAKE_INSTALL_PREFIX=/ros2_ws/src/install/robot_description
[2.092s] DEBUG:colcon.colcon_core.event_handler.log_command:Invoking command in '/ros2_ws/src/build/robot_description': CMAKE_PREFIX_PATH=${CMAKE_PREFIX_PATH}:/env_ws/install/turtlebot3_teleop:/env_ws/install/turtlebot3_example:/opt/ros/galactic /usr/bin/cmake --build /ros2_ws/src/build/robot_description -- -j12 -l12
[2.147s] DEBUG:colcon.colcon_core.event_handler.log_command:Invoked command in '/ros2_ws/src/build/koubot_nav' returned '0': CMAKE_PREFIX_PATH=${CMAKE_PREFIX_PATH}:/env_ws/install/turtlebot3_teleop:/env_ws/install/turtlebot3_example:/opt/ros/galactic /usr/bin/cmake --build /ros2_ws/src/build/koubot_nav -- -j12 -l12
[2.155s] DEBUG:colcon.colcon_core.event_handler.log_command:Invoked command in '/ros2_ws/src/build/robot_description' returned '0': CMAKE_PREFIX_PATH=${CMAKE_PREFIX_PATH}:/env_ws/install/turtlebot3_teleop:/env_ws/install/turtlebot3_example:/opt/ros/galactic /usr/bin/cmake --build /ros2_ws/src/build/robot_description -- -j12 -l12
[2.204s] DEBUG:colcon.colcon_core.event_handler.log_command:Invoking command in '/ros2_ws/src/build/koubot_nav': CMAKE_PREFIX_PATH=${CMAKE_PREFIX_PATH}:/env_ws/install/turtlebot3_teleop:/env_ws/install/turtlebot3_example:/opt/ros/galactic /usr/bin/cmake --install /ros2_ws/src/build/koubot_nav
[2.214s] DEBUG:colcon.colcon_core.event_handler.log_command:Invoking command in '/ros2_ws/src/build/robot_description': CMAKE_PREFIX_PATH=${CMAKE_PREFIX_PATH}:/env_ws/install/turtlebot3_teleop:/env_ws/install/turtlebot3_example:/opt/ros/galactic /usr/bin/cmake --install /ros2_ws/src/build/robot_description
[2.253s] Level 1:colcon.colcon_core.environment:create_environment_scripts_only(robot_description)
[2.255s] DEBUG:colcon.colcon_core.event_handler.log_command:Invoked command in '/ros2_ws/src/build/robot_description' returned '0': CMAKE_PREFIX_PATH=${CMAKE_PREFIX_PATH}:/env_ws/install/turtlebot3_teleop:/env_ws/install/turtlebot3_example:/opt/ros/galactic /usr/bin/cmake --install /ros2_ws/src/build/robot_description
[2.267s] Level 1:colcon.colcon_core.environment:checking '/ros2_ws/src/install/robot_description' for CMake module files
[2.269s] Level 1:colcon.colcon_core.environment:checking '/ros2_ws/src/install/robot_description' for CMake config files
[2.270s] Level 1:colcon.colcon_core.shell:create_environment_hook('robot_description', 'cmake_prefix_path')
[2.272s] INFO:colcon.colcon_core.shell:Creating environment hook '/ros2_ws/src/install/robot_description/share/robot_description/hook/cmake_prefix_path.ps1'
[2.274s] INFO:colcon.colcon_core.shell:Creating environment descriptor '/ros2_ws/src/install/robot_description/share/robot_description/hook/cmake_prefix_path.dsv'
[2.275s] INFO:colcon.colcon_core.shell:Creating environment hook '/ros2_ws/src/install/robot_description/share/robot_description/hook/cmake_prefix_path.sh'
[2.276s] Level 1:colcon.colcon_core.environment:checking '/ros2_ws/src/install/robot_description/bin'
[2.276s] Level 1:colcon.colcon_core.environment:checking '/ros2_ws/src/install/robot_description/lib/pkgconfig/robot_description.pc'
[2.277s] Level 1:colcon.colcon_core.environment:checking '/ros2_ws/src/install/robot_description/lib/python3.8/site-packages'
[2.278s] Level 1:colcon.colcon_core.environment:checking '/ros2_ws/src/install/robot_description/bin'
[2.281s] INFO:colcon.colcon_core.shell:Creating package script '/ros2_ws/src/install/robot_description/share/robot_description/package.ps1'
[2.283s] INFO:colcon.colcon_core.shell:Creating package descriptor '/ros2_ws/src/install/robot_description/share/robot_description/package.dsv'
[2.284s] INFO:colcon.colcon_core.shell:Creating package script '/ros2_ws/src/install/robot_description/share/robot_description/package.sh'
[2.285s] INFO:colcon.colcon_core.shell:Creating package script '/ros2_ws/src/install/robot_description/share/robot_description/package.bash'
[2.286s] INFO:colcon.colcon_core.shell:Creating package script '/ros2_ws/src/install/robot_description/share/robot_description/package.zsh'
[2.287s] Level 1:colcon.colcon_core.environment:create_file_with_runtime_dependencies(/ros2_ws/src/install/robot_description/share/colcon-core/packages/robot_description)
[2.293s] Level 1:colcon.colcon_core.environment:create_environment_scripts_only(koubot_nav)
[2.297s] Level 1:colcon.colcon_core.environment:checking '/ros2_ws/src/install/koubot_nav' for CMake module files
[2.298s] DEBUG:colcon.colcon_core.event_handler.log_command:Invoked command in '/ros2_ws/src/build/koubot_nav' returned '0': CMAKE_PREFIX_PATH=${CMAKE_PREFIX_PATH}:/env_ws/install/turtlebot3_teleop:/env_ws/install/turtlebot3_example:/opt/ros/galactic /usr/bin/cmake --install /ros2_ws/src/build/koubot_nav
[2.298s] Level 1:colcon.colcon_core.environment:checking '/ros2_ws/src/install/koubot_nav' for CMake config files
[2.298s] Level 1:colcon.colcon_core.shell:create_environment_hook('koubot_nav', 'cmake_prefix_path')
[2.300s] INFO:colcon.colcon_core.shell:Creating environment hook '/ros2_ws/src/install/koubot_nav/share/koubot_nav/hook/cmake_prefix_path.ps1'
[2.301s] INFO:colcon.colcon_core.shell:Creating environment descriptor '/ros2_ws/src/install/koubot_nav/share/koubot_nav/hook/cmake_prefix_path.dsv'
[2.301s] INFO:colcon.colcon_core.shell:Creating environment hook '/ros2_ws/src/install/koubot_nav/share/koubot_nav/hook/cmake_prefix_path.sh'
[2.302s] Level 1:colcon.colcon_core.environment:checking '/ros2_ws/src/install/koubot_nav/bin'
[2.302s] Level 1:colcon.colcon_core.environment:checking '/ros2_ws/src/install/koubot_nav/lib/pkgconfig/koubot_nav.pc'
[2.303s] Level 1:colcon.colcon_core.environment:checking '/ros2_ws/src/install/koubot_nav/lib/python3.8/site-packages'
[2.304s] Level 1:colcon.colcon_core.environment:checking '/ros2_ws/src/install/koubot_nav/bin'
[2.308s] INFO:colcon.colcon_core.shell:Creating package script '/ros2_ws/src/install/koubot_nav/share/koubot_nav/package.ps1'
[2.309s] INFO:colcon.colcon_core.shell:Creating package descriptor '/ros2_ws/src/install/koubot_nav/share/koubot_nav/package.dsv'
[2.309s] INFO:colcon.colcon_core.shell:Creating package script '/ros2_ws/src/install/koubot_nav/share/koubot_nav/package.sh'
[2.310s] INFO:colcon.colcon_core.shell:Creating package script '/ros2_ws/src/install/koubot_nav/share/koubot_nav/package.bash'
[2.310s] INFO:colcon.colcon_core.shell:Creating package script '/ros2_ws/src/install/koubot_nav/share/koubot_nav/package.zsh'
[2.311s] Level 1:colcon.colcon_core.environment:create_file_with_runtime_dependencies(/ros2_ws/src/install/koubot_nav/share/colcon-core/packages/koubot_nav)
[2.328s] Level 1:colcon.colcon_core.environment:create_environment_scripts_only(robot_description)
[2.330s] Level 1:colcon.colcon_core.environment:checking '/ros2_ws/src/install/robot_description' for CMake module files
[2.332s] Level 1:colcon.colcon_core.environment:checking '/ros2_ws/src/install/robot_description' for CMake config files
[2.332s] Level 1:colcon.colcon_core.shell:create_environment_hook('robot_description', 'cmake_prefix_path')
[2.335s] INFO:colcon.colcon_core.shell:Creating environment hook '/ros2_ws/src/install/robot_description/share/robot_description/hook/cmake_prefix_path.ps1'
[2.336s] INFO:colcon.colcon_core.shell:Creating environment descriptor '/ros2_ws/src/install/robot_description/share/robot_description/hook/cmake_prefix_path.dsv'
[2.337s] INFO:colcon.colcon_core.shell:Creating environment hook '/ros2_ws/src/install/robot_description/share/robot_description/hook/cmake_prefix_path.sh'
[2.338s] Level 1:colcon.colcon_core.environment:checking '/ros2_ws/src/install/robot_description/bin'
[2.338s] Level 1:colcon.colcon_core.environment:checking '/ros2_ws/src/install/robot_description/lib/pkgconfig/robot_description.pc'
[2.338s] Level 1:colcon.colcon_core.environment:checking '/ros2_ws/src/install/robot_description/lib/python3.8/site-packages'
[2.339s] Level 1:colcon.colcon_core.environment:checking '/ros2_ws/src/install/robot_description/bin'
[2.340s] INFO:colcon.colcon_core.shell:Creating package script '/ros2_ws/src/install/robot_description/share/robot_description/package.ps1'
[2.342s] INFO:colcon.colcon_core.shell:Creating package descriptor '/ros2_ws/src/install/robot_description/share/robot_description/package.dsv'
[2.343s] INFO:colcon.colcon_core.shell:Creating package script '/ros2_ws/src/install/robot_description/share/robot_description/package.sh'
[2.344s] INFO:colcon.colcon_core.shell:Creating package script '/ros2_ws/src/install/robot_description/share/robot_description/package.bash'
[2.344s] INFO:colcon.colcon_core.shell:Creating package script '/ros2_ws/src/install/robot_description/share/robot_description/package.zsh'
[2.345s] Level 1:colcon.colcon_core.environment:create_file_with_runtime_dependencies(/ros2_ws/src/install/robot_description/share/colcon-core/packages/robot_description)
[2.350s] Level 1:colcon.colcon_core.environment:create_environment_scripts_only(koubot_nav)
[2.352s] Level 1:colcon.colcon_core.environment:checking '/ros2_ws/src/install/koubot_nav' for CMake module files
[2.353s] Level 1:colcon.colcon_core.environment:checking '/ros2_ws/src/install/koubot_nav' for CMake config files
[2.355s] Level 1:colcon.colcon_core.shell:create_environment_hook('koubot_nav', 'cmake_prefix_path')
[2.358s] INFO:colcon.colcon_core.shell:Creating environment hook '/ros2_ws/src/install/koubot_nav/share/koubot_nav/hook/cmake_prefix_path.ps1'
[2.358s] INFO:colcon.colcon_core.shell:Creating environment descriptor '/ros2_ws/src/install/koubot_nav/share/koubot_nav/hook/cmake_prefix_path.dsv'
[2.359s] INFO:colcon.colcon_core.shell:Creating environment hook '/ros2_ws/src/install/koubot_nav/share/koubot_nav/hook/cmake_prefix_path.sh'
[2.359s] Level 1:colcon.colcon_core.environment:checking '/ros2_ws/src/install/koubot_nav/bin'
[2.360s] Level 1:colcon.colcon_core.environment:checking '/ros2_ws/src/install/koubot_nav/lib/pkgconfig/koubot_nav.pc'
[2.360s] Level 1:colcon.colcon_core.environment:checking '/ros2_ws/src/install/koubot_nav/lib/python3.8/site-packages'
[2.361s] Level 1:colcon.colcon_core.environment:checking '/ros2_ws/src/install/koubot_nav/bin'
[2.363s] INFO:colcon.colcon_core.shell:Creating package script '/ros2_ws/src/install/koubot_nav/share/koubot_nav/package.ps1'
[2.363s] INFO:colcon.colcon_core.shell:Creating package descriptor '/ros2_ws/src/install/koubot_nav/share/koubot_nav/package.dsv'
[2.364s] INFO:colcon.colcon_core.shell:Creating package script '/ros2_ws/src/install/koubot_nav/share/koubot_nav/package.sh'
[2.364s] INFO:colcon.colcon_core.shell:Creating package script '/ros2_ws/src/install/koubot_nav/share/koubot_nav/package.bash'
[2.364s] INFO:colcon.colcon_core.shell:Creating package script '/ros2_ws/src/install/koubot_nav/share/koubot_nav/package.zsh'
[2.365s] Level 1:colcon.colcon_core.environment:create_file_with_runtime_dependencies(/ros2_ws/src/install/koubot_nav/share/colcon-core/packages/koubot_nav)
[5.629s] DEBUG:colcon.colcon_core.event_handler.log_command:Invoked command in '/ros2_ws/src/build/koubot_gazebo' returned '0': CMAKE_PREFIX_PATH=${CMAKE_PREFIX_PATH}:/env_ws/install/turtlebot3_teleop:/env_ws/install/turtlebot3_example:/opt/ros/galactic /usr/bin/cmake /ros2_ws/src/koubot_gazebo -DCMAKE_INSTALL_PREFIX=/ros2_ws/src/install/koubot_gazebo
[5.636s] DEBUG:colcon.colcon_core.event_handler.log_command:Invoking command in '/ros2_ws/src/build/koubot_gazebo': CMAKE_PREFIX_PATH=${CMAKE_PREFIX_PATH}:/env_ws/install/turtlebot3_teleop:/env_ws/install/turtlebot3_example:/opt/ros/galactic /usr/bin/cmake --build /ros2_ws/src/build/koubot_gazebo -- -j12 -l12
[5.700s] DEBUG:colcon.colcon_core.event_handler.log_command:Invoked command in '/ros2_ws/src/build/koubot_gazebo' returned '0': CMAKE_PREFIX_PATH=${CMAKE_PREFIX_PATH}:/env_ws/install/turtlebot3_teleop:/env_ws/install/turtlebot3_example:/opt/ros/galactic /usr/bin/cmake --build /ros2_ws/src/build/koubot_gazebo -- -j12 -l12
[5.769s] DEBUG:colcon.colcon_core.event_handler.log_command:Invoking command in '/ros2_ws/src/build/koubot_gazebo': CMAKE_PREFIX_PATH=${CMAKE_PREFIX_PATH}:/env_ws/install/turtlebot3_teleop:/env_ws/install/turtlebot3_example:/opt/ros/galactic /usr/bin/cmake --install /ros2_ws/src/build/koubot_gazebo
[5.804s] Level 1:colcon.colcon_core.environment:create_environment_scripts_only(koubot_gazebo)
[5.808s] Level 1:colcon.colcon_core.environment:checking '/ros2_ws/src/install/koubot_gazebo' for CMake module files
[5.808s] DEBUG:colcon.colcon_core.event_handler.log_command:Invoked command in '/ros2_ws/src/build/koubot_gazebo' returned '0': CMAKE_PREFIX_PATH=${CMAKE_PREFIX_PATH}:/env_ws/install/turtlebot3_teleop:/env_ws/install/turtlebot3_example:/opt/ros/galactic /usr/bin/cmake --install /ros2_ws/src/build/koubot_gazebo
[5.809s] Level 1:colcon.colcon_core.environment:checking '/ros2_ws/src/install/koubot_gazebo' for CMake config files
[5.809s] Level 1:colcon.colcon_core.shell:create_environment_hook('koubot_gazebo', 'cmake_prefix_path')
[5.815s] INFO:colcon.colcon_core.shell:Creating environment hook '/ros2_ws/src/install/koubot_gazebo/share/koubot_gazebo/hook/cmake_prefix_path.ps1'
[5.816s] INFO:colcon.colcon_core.shell:Creating environment descriptor '/ros2_ws/src/install/koubot_gazebo/share/koubot_gazebo/hook/cmake_prefix_path.dsv'
[5.816s] INFO:colcon.colcon_core.shell:Creating environment hook '/ros2_ws/src/install/koubot_gazebo/share/koubot_gazebo/hook/cmake_prefix_path.sh'
[5.818s] Level 1:colcon.colcon_core.environment:checking '/ros2_ws/src/install/koubot_gazebo/bin'
[5.818s] Level 1:colcon.colcon_core.environment:checking '/ros2_ws/src/install/koubot_gazebo/lib/pkgconfig/koubot_gazebo.pc'
[5.819s] Level 1:colcon.colcon_core.environment:checking '/ros2_ws/src/install/koubot_gazebo/lib/python3.8/site-packages'
[5.819s] Level 1:colcon.colcon_core.environment:checking '/ros2_ws/src/install/koubot_gazebo/bin'
[5.821s] INFO:colcon.colcon_core.shell:Creating package script '/ros2_ws/src/install/koubot_gazebo/share/koubot_gazebo/package.ps1'
[5.822s] INFO:colcon.colcon_core.shell:Creating package descriptor '/ros2_ws/src/install/koubot_gazebo/share/koubot_gazebo/package.dsv'
[5.823s] INFO:colcon.colcon_core.shell:Creating package script '/ros2_ws/src/install/koubot_gazebo/share/koubot_gazebo/package.sh'
[5.825s] INFO:colcon.colcon_core.shell:Creating package script '/ros2_ws/src/install/koubot_gazebo/share/koubot_gazebo/package.bash'
[5.825s] INFO:colcon.colcon_core.shell:Creating package script '/ros2_ws/src/install/koubot_gazebo/share/koubot_gazebo/package.zsh'
[5.826s] Level 1:colcon.colcon_core.environment:create_file_with_runtime_dependencies(/ros2_ws/src/install/koubot_gazebo/share/colcon-core/packages/koubot_gazebo)
[5.872s] Level 1:colcon.colcon_core.environment:create_environment_scripts_only(koubot_gazebo)
[5.880s] Level 1:colcon.colcon_core.environment:checking '/ros2_ws/src/install/koubot_gazebo' for CMake module files
[5.881s] Level 1:colcon.colcon_core.environment:checking '/ros2_ws/src/install/koubot_gazebo' for CMake config files
[5.882s] Level 1:colcon.colcon_core.shell:create_environment_hook('koubot_gazebo', 'cmake_prefix_path')
[5.884s] INFO:colcon.colcon_core.shell:Creating environment hook '/ros2_ws/src/install/koubot_gazebo/share/koubot_gazebo/hook/cmake_prefix_path.ps1'
[5.884s] INFO:colcon.colcon_core.shell:Creating environment descriptor '/ros2_ws/src/install/koubot_gazebo/share/koubot_gazebo/hook/cmake_prefix_path.dsv'
[5.885s] INFO:colcon.colcon_core.shell:Creating environment hook '/ros2_ws/src/install/koubot_gazebo/share/koubot_gazebo/hook/cmake_prefix_path.sh'
[5.887s] Level 1:colcon.colcon_core.environment:checking '/ros2_ws/src/install/koubot_gazebo/bin'
[5.888s] Level 1:colcon.colcon_core.environment:checking '/ros2_ws/src/install/koubot_gazebo/lib/pkgconfig/koubot_gazebo.pc'
[5.889s] Level 1:colcon.colcon_core.environment:checking '/ros2_ws/src/install/koubot_gazebo/lib/python3.8/site-packages'
[5.890s] Level 1:colcon.colcon_core.environment:checking '/ros2_ws/src/install/koubot_gazebo/bin'
[5.892s] INFO:colcon.colcon_core.shell:Creating package script '/ros2_ws/src/install/koubot_gazebo/share/koubot_gazebo/package.ps1'
[5.894s] INFO:colcon.colcon_core.shell:Creating package descriptor '/ros2_ws/src/install/koubot_gazebo/share/koubot_gazebo/package.dsv'
[5.896s] INFO:colcon.colcon_core.shell:Creating package script '/ros2_ws/src/install/koubot_gazebo/share/koubot_gazebo/package.sh'
[5.897s] INFO:colcon.colcon_core.shell:Creating package script '/ros2_ws/src/install/koubot_gazebo/share/koubot_gazebo/package.bash'
[5.898s] INFO:colcon.colcon_core.shell:Creating package script '/ros2_ws/src/install/koubot_gazebo/share/koubot_gazebo/package.zsh'
[5.899s] Level 1:colcon.colcon_core.environment:create_file_with_runtime_dependencies(/ros2_ws/src/install/koubot_gazebo/share/colcon-core/packages/koubot_gazebo)
[5.900s] DEBUG:colcon.colcon_parallel_executor.executor.parallel:closing loop
[5.901s] DEBUG:colcon.colcon_parallel_executor.executor.parallel:loop closed
[5.901s] DEBUG:colcon.colcon_parallel_executor.executor.parallel:run_until_complete finished with '0'
[5.901s] DEBUG:colcon.colcon_core.event_reactor:joining thread
[5.913s] INFO:colcon.colcon_core.plugin_system:Skipping extension 'colcon_notification.desktop_notification.notify_send': Could not find 'notify-send'
[5.914s] INFO:colcon.colcon_core.plugin_system:Skipping extension 'colcon_notification.desktop_notification.terminal_notifier': Not used on non-Darwin systems
[5.914s] INFO:colcon.colcon_core.plugin_system:Skipping extension 'colcon_notification.desktop_notification.win32': Not used on non-Windows systems
[5.914s] INFO:colcon.colcon_notification.desktop_notification:Sending desktop notification using 'notify2'
[5.920s] DEBUG:colcon.colcon_notification.desktop_notification.notify2:Failed to initialize notify2: org.freedesktop.DBus.Error.ServiceUnknown: The name org.freedesktop.Notifications was not provided by any .service files
[5.922s] DEBUG:colcon.colcon_core.event_reactor:joined thread
[5.925s] INFO:colcon.colcon_core.shell:Creating prefix script '/ros2_ws/src/install/local_setup.ps1'
[5.930s] INFO:colcon.colcon_core.shell:Creating prefix util module '/ros2_ws/src/install/_local_setup_util_ps1.py'
[5.934s] INFO:colcon.colcon_core.shell:Creating prefix chain script '/ros2_ws/src/install/setup.ps1'
[5.938s] INFO:colcon.colcon_core.shell:Creating prefix script '/ros2_ws/src/install/local_setup.sh'
[5.939s] INFO:colcon.colcon_core.shell:Creating prefix util module '/ros2_ws/src/install/_local_setup_util_sh.py'
[5.940s] INFO:colcon.colcon_core.shell:Creating prefix chain script '/ros2_ws/src/install/setup.sh'
[5.948s] INFO:colcon.colcon_core.shell:Creating prefix script '/ros2_ws/src/install/local_setup.bash'
[5.949s] INFO:colcon.colcon_core.shell:Creating prefix chain script '/ros2_ws/src/install/setup.bash'
[5.952s] INFO:colcon.colcon_core.shell:Creating prefix script '/ros2_ws/src/install/local_setup.zsh'
[5.953s] INFO:colcon.colcon_core.shell:Creating prefix chain script '/ros2_ws/src/install/setup.zsh'
