[0.042s] Invoking command in '/ros2_ws/src/build/koubot_nav': CMAKE_PREFIX_PATH=${CMAKE_PREFIX_PATH}:/env_ws/install/turtlebot3_teleop:/env_ws/install/turtlebot3_example:/opt/ros/galactic /usr/bin/cmake /ros2_ws/src/koubot_nav -DCMAKE_INSTALL_PREFIX=/ros2_ws/src/install/koubot_nav
[0.202s] -- The C compiler identification is GNU 9.4.0
[0.337s] -- The CXX compiler identification is GNU 9.4.0
[0.348s] -- Check for working C compiler: /usr/bin/cc
[0.468s] -- Check for working C compiler: /usr/bin/cc -- works
[0.471s] -- Detecting C compiler ABI info
[0.624s] -- Detecting C compiler ABI info - done
[0.649s] -- Detecting C compile features
[0.650s] -- Detecting C compile features - done
[0.656s] -- Check for working CXX compiler: /usr/bin/c++
[0.805s] -- Check for working CXX compiler: /usr/bin/c++ -- works
[0.806s] -- Detecting CXX compiler ABI info
[0.933s] -- Detecting CXX compiler ABI info - done
[0.955s] -- Detecting CXX compile features
[0.956s] -- Detecting CXX compile features - done
[0.971s] -- Found ament_cmake: 1.1.6 (/opt/ros/galactic/share/ament_cmake/cmake)
[1.044s] -- Found PythonInterp: /usr/bin/python3 (found suitable version "3.8.10", minimum required is "3") 
[1.044s] -- Using PYTHON_EXECUTABLE: /usr/bin/python3
[1.253s] -- Found ament_lint_auto: 0.10.7 (/opt/ros/galactic/share/ament_lint_auto/cmake)
[1.415s] -- Added test 'copyright' to check source files copyright and LICENSE
[1.418s] -- Added test 'flake8' to check Python code syntax and style conventions
[1.419s] -- Added test 'lint_cmake' to check CMake code style
[1.420s] -- Added test 'pep257' to check Python code against some of the style conventions in PEP 257
[1.424s] -- Added test 'xmllint' to check XML markup files
[1.427s] -- Configuring done
[1.430s] -- Generating done
[1.430s] -- Build files have been written to: /ros2_ws/src/build/koubot_nav
[1.435s] Invoked command in '/ros2_ws/src/build/koubot_nav' returned '0': CMAKE_PREFIX_PATH=${CMAKE_PREFIX_PATH}:/env_ws/install/turtlebot3_teleop:/env_ws/install/turtlebot3_example:/opt/ros/galactic /usr/bin/cmake /ros2_ws/src/koubot_nav -DCMAKE_INSTALL_PREFIX=/ros2_ws/src/install/koubot_nav
[1.437s] Invoking command in '/ros2_ws/src/build/koubot_nav': CMAKE_PREFIX_PATH=${CMAKE_PREFIX_PATH}:/env_ws/install/turtlebot3_teleop:/env_ws/install/turtlebot3_example:/opt/ros/galactic /usr/bin/cmake --build /ros2_ws/src/build/koubot_nav -- -j12 -l12
[1.503s] Invoked command in '/ros2_ws/src/build/koubot_nav' returned '0': CMAKE_PREFIX_PATH=${CMAKE_PREFIX_PATH}:/env_ws/install/turtlebot3_teleop:/env_ws/install/turtlebot3_example:/opt/ros/galactic /usr/bin/cmake --build /ros2_ws/src/build/koubot_nav -- -j12 -l12
[1.559s] Invoking command in '/ros2_ws/src/build/koubot_nav': CMAKE_PREFIX_PATH=${CMAKE_PREFIX_PATH}:/env_ws/install/turtlebot3_teleop:/env_ws/install/turtlebot3_example:/opt/ros/galactic /usr/bin/cmake --install /ros2_ws/src/build/koubot_nav
[1.579s] -- Install configuration: ""
[1.579s] -- Installing: /ros2_ws/src/install/koubot_nav/share/koubot_nav//launch
[1.579s] -- Installing: /ros2_ws/src/install/koubot_nav/share/koubot_nav//launch/navigation.launch.py
[1.579s] -- Installing: /ros2_ws/src/install/koubot_nav/share/koubot_nav//configs
[1.580s] -- Installing: /ros2_ws/src/install/koubot_nav/share/koubot_nav//configs/navigation.yaml
[1.584s] -- Installing: /ros2_ws/src/install/koubot_nav/share/koubot_nav//configs/mapping.yaml
[1.584s] -- Installing: /ros2_ws/src/install/koubot_nav/share/koubot_nav//maps
[1.584s] -- Installing: /ros2_ws/src/install/koubot_nav/share/koubot_nav//maps/neo_track1.yaml
[1.584s] -- Installing: /ros2_ws/src/install/koubot_nav/share/koubot_nav//maps/neo_track1.pgm
[1.623s] -- Installing: /ros2_ws/src/install/koubot_nav/share/koubot_nav//models
[1.623s] -- Installing: /ros2_ws/src/install/koubot_nav/share/koubot_nav//worlds
[1.623s] -- Installing: /ros2_ws/src/install/koubot_nav/share/ament_index/resource_index/package_run_dependencies/koubot_nav
[1.624s] -- Installing: /ros2_ws/src/install/koubot_nav/share/ament_index/resource_index/parent_prefix_path/koubot_nav
[1.624s] -- Installing: /ros2_ws/src/install/koubot_nav/share/koubot_nav/environment/ament_prefix_path.sh
[1.624s] -- Installing: /ros2_ws/src/install/koubot_nav/share/koubot_nav/environment/ament_prefix_path.dsv
[1.624s] -- Installing: /ros2_ws/src/install/koubot_nav/share/koubot_nav/environment/path.sh
[1.625s] -- Installing: /ros2_ws/src/install/koubot_nav/share/koubot_nav/environment/path.dsv
[1.625s] -- Installing: /ros2_ws/src/install/koubot_nav/share/koubot_nav/local_setup.bash
[1.625s] -- Installing: /ros2_ws/src/install/koubot_nav/share/koubot_nav/local_setup.sh
[1.625s] -- Installing: /ros2_ws/src/install/koubot_nav/share/koubot_nav/local_setup.zsh
[1.625s] -- Installing: /ros2_ws/src/install/koubot_nav/share/koubot_nav/local_setup.dsv
[1.625s] -- Installing: /ros2_ws/src/install/koubot_nav/share/koubot_nav/package.dsv
[1.628s] -- Installing: /ros2_ws/src/install/koubot_nav/share/ament_index/resource_index/packages/koubot_nav
[1.629s] -- Installing: /ros2_ws/src/install/koubot_nav/share/koubot_nav/cmake/koubot_navConfig.cmake
[1.629s] -- Installing: /ros2_ws/src/install/koubot_nav/share/koubot_nav/cmake/koubot_navConfig-version.cmake
[1.629s] -- Installing: /ros2_ws/src/install/koubot_nav/share/koubot_nav/package.xml
[1.653s] Invoked command in '/ros2_ws/src/build/koubot_nav' returned '0': CMAKE_PREFIX_PATH=${CMAKE_PREFIX_PATH}:/env_ws/install/turtlebot3_teleop:/env_ws/install/turtlebot3_example:/opt/ros/galactic /usr/bin/cmake --install /ros2_ws/src/build/koubot_nav
