[0.054s] Invoking command in '/ros2_ws/src/build/koubot_nav': CMAKE_PREFIX_PATH=${CMAKE_PREFIX_PATH}:/env_ws/install/turtlebot3_teleop:/env_ws/install/turtlebot3_example:/opt/ros/galactic /usr/bin/cmake --build /ros2_ws/src/build/koubot_nav -- -j12 -l12
[0.116s] Invoked command in '/ros2_ws/src/build/koubot_nav' returned '0': CMAKE_PREFIX_PATH=${CMAKE_PREFIX_PATH}:/env_ws/install/turtlebot3_teleop:/env_ws/install/turtlebot3_example:/opt/ros/galactic /usr/bin/cmake --build /ros2_ws/src/build/koubot_nav -- -j12 -l12
[0.169s] Invoking command in '/ros2_ws/src/build/koubot_nav': CMAKE_PREFIX_PATH=${CMAKE_PREFIX_PATH}:/env_ws/install/turtlebot3_teleop:/env_ws/install/turtlebot3_example:/opt/ros/galactic /usr/bin/cmake --install /ros2_ws/src/build/koubot_nav
[0.180s] -- Install configuration: ""
[0.180s] -- Up-to-date: /ros2_ws/src/install/koubot_nav/share/koubot_nav//launch
[0.181s] -- Up-to-date: /ros2_ws/src/install/koubot_nav/share/koubot_nav//launch/navigation.launch.py
[0.181s] -- Up-to-date: /ros2_ws/src/install/koubot_nav/share/koubot_nav//configs
[0.181s] -- Up-to-date: /ros2_ws/src/install/koubot_nav/share/koubot_nav//configs/navigation.yaml
[0.181s] -- Up-to-date: /ros2_ws/src/install/koubot_nav/share/koubot_nav//configs/mapping.yaml
[0.181s] -- Up-to-date: /ros2_ws/src/install/koubot_nav/share/koubot_nav//maps
[0.182s] -- Up-to-date: /ros2_ws/src/install/koubot_nav/share/koubot_nav//maps/neo_track1.yaml
[0.182s] -- Up-to-date: /ros2_ws/src/install/koubot_nav/share/koubot_nav//maps/neo_track1.pgm
[0.182s] -- Up-to-date: /ros2_ws/src/install/koubot_nav/share/koubot_nav//models
[0.182s] -- Up-to-date: /ros2_ws/src/install/koubot_nav/share/koubot_nav//worlds
[0.182s] -- Up-to-date: /ros2_ws/src/install/koubot_nav/share/ament_index/resource_index/package_run_dependencies/koubot_nav
[0.182s] -- Up-to-date: /ros2_ws/src/install/koubot_nav/share/ament_index/resource_index/parent_prefix_path/koubot_nav
[0.182s] -- Up-to-date: /ros2_ws/src/install/koubot_nav/share/koubot_nav/environment/ament_prefix_path.sh
[0.182s] -- Up-to-date: /ros2_ws/src/install/koubot_nav/share/koubot_nav/environment/ament_prefix_path.dsv
[0.182s] -- Up-to-date: /ros2_ws/src/install/koubot_nav/share/koubot_nav/environment/path.sh
[0.182s] -- Up-to-date: /ros2_ws/src/install/koubot_nav/share/koubot_nav/environment/path.dsv
[0.182s] -- Up-to-date: /ros2_ws/src/install/koubot_nav/share/koubot_nav/local_setup.bash
[0.183s] -- Up-to-date: /ros2_ws/src/install/koubot_nav/share/koubot_nav/local_setup.sh
[0.183s] -- Up-to-date: /ros2_ws/src/install/koubot_nav/share/koubot_nav/local_setup.zsh
[0.183s] -- Up-to-date: /ros2_ws/src/install/koubot_nav/share/koubot_nav/local_setup.dsv
[0.183s] -- Up-to-date: /ros2_ws/src/install/koubot_nav/share/koubot_nav/package.dsv
[0.183s] -- Up-to-date: /ros2_ws/src/install/koubot_nav/share/ament_index/resource_index/packages/koubot_nav
[0.183s] -- Up-to-date: /ros2_ws/src/install/koubot_nav/share/koubot_nav/cmake/koubot_navConfig.cmake
[0.183s] -- Up-to-date: /ros2_ws/src/install/koubot_nav/share/koubot_nav/cmake/koubot_navConfig-version.cmake
[0.183s] -- Up-to-date: /ros2_ws/src/install/koubot_nav/share/koubot_nav/package.xml
[0.186s] Invoked command in '/ros2_ws/src/build/koubot_nav' returned '0': CMAKE_PREFIX_PATH=${CMAKE_PREFIX_PATH}:/env_ws/install/turtlebot3_teleop:/env_ws/install/turtlebot3_example:/opt/ros/galactic /usr/bin/cmake --install /ros2_ws/src/build/koubot_nav
