-- Install configuration: ""
-- Up-to-date: /ros2_ws/src/install/koubot_gazebo/share/koubot_gazebo//launch
-- Up-to-date: /ros2_ws/src/install/koubot_gazebo/share/koubot_gazebo//launch/spawn_robot_ros2.launch.xml
-- Up-to-date: /ros2_ws/src/install/koubot_gazebo/share/koubot_gazebo//launch/urdf_visualize_meshes_collisions_inertias.launch.py
-- Up-to-date: /ros2_ws/src/install/koubot_gazebo/share/koubot_gazebo//launch/start_world.launch.py
-- Up-to-date: /ros2_ws/src/install/koubot_gazebo/share/koubot_gazebo//launch/spawn_robot_description.launch.py
-- Up-to-date: /ros2_ws/src/install/koubot_gazebo/share/koubot_gazebo//worlds
-- Up-to-date: /ros2_ws/src/install/koubot_gazebo/share/koubot_gazebo//worlds/koubot_empty.world
-- Up-to-date: /ros2_ws/src/install/koubot_gazebo/share/koubot_gazebo//models
-- Up-to-date: /ros2_ws/src/install/koubot_gazebo/share/ament_index/resource_index/package_run_dependencies/koubot_gazebo
-- Up-to-date: /ros2_ws/src/install/koubot_gazebo/share/ament_index/resource_index/parent_prefix_path/koubot_gazebo
-- Up-to-date: /ros2_ws/src/install/koubot_gazebo/share/koubot_gazebo/environment/ament_prefix_path.sh
-- Up-to-date: /ros2_ws/src/install/koubot_gazebo/share/koubot_gazebo/environment/ament_prefix_path.dsv
-- Up-to-date: /ros2_ws/src/install/koubot_gazebo/share/koubot_gazebo/environment/path.sh
-- Up-to-date: /ros2_ws/src/install/koubot_gazebo/share/koubot_gazebo/environment/path.dsv
-- Up-to-date: /ros2_ws/src/install/koubot_gazebo/share/koubot_gazebo/local_setup.bash
-- Up-to-date: /ros2_ws/src/install/koubot_gazebo/share/koubot_gazebo/local_setup.sh
-- Up-to-date: /ros2_ws/src/install/koubot_gazebo/share/koubot_gazebo/local_setup.zsh
-- Up-to-date: /ros2_ws/src/install/koubot_gazebo/share/koubot_gazebo/local_setup.dsv
-- Up-to-date: /ros2_ws/src/install/koubot_gazebo/share/koubot_gazebo/package.dsv
-- Up-to-date: /ros2_ws/src/install/koubot_gazebo/share/ament_index/resource_index/packages/koubot_gazebo
-- Up-to-date: /ros2_ws/src/install/koubot_gazebo/share/koubot_gazebo/cmake/koubot_gazeboConfig.cmake
-- Up-to-date: /ros2_ws/src/install/koubot_gazebo/share/koubot_gazebo/cmake/koubot_gazeboConfig-version.cmake
-- Up-to-date: /ros2_ws/src/install/koubot_gazebo/share/koubot_gazebo/package.xml
