[0.067s] Invoking command in '/ros2_ws/src/build/koubot_gazebo': CMAKE_PREFIX_PATH=${CMAKE_PREFIX_PATH}:/env_ws/install/turtlebot3_teleop:/env_ws/install/turtlebot3_example:/opt/ros/galactic /usr/bin/cmake --build /ros2_ws/src/build/koubot_gazebo -- -j12 -l12
[0.144s] Invoked command in '/ros2_ws/src/build/koubot_gazebo' returned '0': CMAKE_PREFIX_PATH=${CMAKE_PREFIX_PATH}:/env_ws/install/turtlebot3_teleop:/env_ws/install/turtlebot3_example:/opt/ros/galactic /usr/bin/cmake --build /ros2_ws/src/build/koubot_gazebo -- -j12 -l12
[0.197s] Invoking command in '/ros2_ws/src/build/koubot_gazebo': CMAKE_PREFIX_PATH=${CMAKE_PREFIX_PATH}:/env_ws/install/turtlebot3_teleop:/env_ws/install/turtlebot3_example:/opt/ros/galactic /usr/bin/cmake --install /ros2_ws/src/build/koubot_gazebo
[0.222s] -- Install configuration: ""
[0.223s] -- Up-to-date: /ros2_ws/src/install/koubot_gazebo/share/koubot_gazebo//launch
[0.223s] -- Up-to-date: /ros2_ws/src/install/koubot_gazebo/share/koubot_gazebo//launch/spawn_robot_ros2.launch.xml
[0.224s] -- Up-to-date: /ros2_ws/src/install/koubot_gazebo/share/koubot_gazebo//launch/urdf_visualize_meshes_collisions_inertias.launch.py
[0.224s] -- Up-to-date: /ros2_ws/src/install/koubot_gazebo/share/koubot_gazebo//launch/start_world.launch.py
[0.224s] -- Up-to-date: /ros2_ws/src/install/koubot_gazebo/share/koubot_gazebo//launch/spawn_robot_description.launch.py
[0.224s] -- Up-to-date: /ros2_ws/src/install/koubot_gazebo/share/koubot_gazebo//worlds
[0.224s] -- Up-to-date: /ros2_ws/src/install/koubot_gazebo/share/koubot_gazebo//worlds/koubot_empty.world
[0.224s] -- Up-to-date: /ros2_ws/src/install/koubot_gazebo/share/koubot_gazebo//models
[0.224s] -- Up-to-date: /ros2_ws/src/install/koubot_gazebo/share/ament_index/resource_index/package_run_dependencies/koubot_gazebo
[0.224s] -- Up-to-date: /ros2_ws/src/install/koubot_gazebo/share/ament_index/resource_index/parent_prefix_path/koubot_gazebo
[0.225s] -- Up-to-date: /ros2_ws/src/install/koubot_gazebo/share/koubot_gazebo/environment/ament_prefix_path.sh
[0.225s] -- Up-to-date: /ros2_ws/src/install/koubot_gazebo/share/koubot_gazebo/environment/ament_prefix_path.dsv
[0.225s] -- Up-to-date: /ros2_ws/src/install/koubot_gazebo/share/koubot_gazebo/environment/path.sh
[0.225s] -- Up-to-date: /ros2_ws/src/install/koubot_gazebo/share/koubot_gazebo/environment/path.dsv
[0.225s] -- Up-to-date: /ros2_ws/src/install/koubot_gazebo/share/koubot_gazebo/local_setup.bash
[0.226s] -- Up-to-date: /ros2_ws/src/install/koubot_gazebo/share/koubot_gazebo/local_setup.sh
[0.226s] -- Up-to-date: /ros2_ws/src/install/koubot_gazebo/share/koubot_gazebo/local_setup.zsh
[0.226s] -- Up-to-date: /ros2_ws/src/install/koubot_gazebo/share/koubot_gazebo/local_setup.dsv
[0.226s] -- Up-to-date: /ros2_ws/src/install/koubot_gazebo/share/koubot_gazebo/package.dsv
[0.226s] -- Up-to-date: /ros2_ws/src/install/koubot_gazebo/share/ament_index/resource_index/packages/koubot_gazebo
[0.226s] -- Up-to-date: /ros2_ws/src/install/koubot_gazebo/share/koubot_gazebo/cmake/koubot_gazeboConfig.cmake
[0.226s] -- Up-to-date: /ros2_ws/src/install/koubot_gazebo/share/koubot_gazebo/cmake/koubot_gazeboConfig-version.cmake
[0.226s] -- Up-to-date: /ros2_ws/src/install/koubot_gazebo/share/koubot_gazebo/package.xml
[0.266s] Invoked command in '/ros2_ws/src/build/koubot_gazebo' returned '0': CMAKE_PREFIX_PATH=${CMAKE_PREFIX_PATH}:/env_ws/install/turtlebot3_teleop:/env_ws/install/turtlebot3_example:/opt/ros/galactic /usr/bin/cmake --install /ros2_ws/src/build/koubot_gazebo
