[0.486s] DEBUG:colcon:Command line arguments: ['/usr/bin/colcon', 'build']
[0.487s] DEBUG:colcon:Parsed command line arguments: Namespace(ament_cmake_args=None, base_paths=['.'], build_base='build', catkin_cmake_args=None, catkin_skip_building_tests=False, cmake_args=None, cmake_clean_cache=False, cmake_clean_first=False, cmake_force_configure=False, cmake_target=None, cmake_target_skip_unavailable=False, continue_on_error=False, event_handlers=None, executor='parallel', ignore_user_meta=False, install_base='install', log_base=None, log_level=None, main=<bound method BuildVerb.main of <colcon_core.verb.build.BuildVerb object at 0x7f1ff63ad1c0>>, merge_install=False, metas=['./colcon.meta'], mixin=None, mixin_files=None, mixin_verb=('build',), packages_above=None, packages_above_and_dependencies=None, packages_above_depth=None, packages_end=None, packages_ignore=None, packages_ignore_regex=None, packages_select=None, packages_select_build_failed=False, packages_select_by_dep=None, packages_select_regex=None, packages_select_test_failures=False, packages_skip=None, packages_skip_build_finished=False, packages_skip_by_dep=None, packages_skip_regex=None, packages_skip_test_passed=False, packages_skip_up_to=None, packages_start=None, packages_up_to=None, packages_up_to_regex=None, parallel_workers=12, paths=None, symlink_install=False, test_result_base=None, verb_extension=<colcon_core.verb.build.BuildVerb object at 0x7f1ff63ad1c0>, verb_name='build', verb_parser=<colcon_mixin.mixin.mixin_argument.MixinArgumentDecorator object at 0x7f1ff63ad820>)
[0.526s] Level 1:colcon.colcon_core.package_discovery:discover_packages(colcon_meta) check parameters
[0.527s] INFO:colcon.colcon_metadata.package_discovery.colcon_meta:Using configuration from '/root/.colcon/metadata/default/Gazebo.meta'
[0.528s] INFO:colcon.colcon_metadata.package_discovery.colcon_meta:Using configuration from '/root/.colcon/metadata/default/fastrtps.meta'
[0.528s] Level 1:colcon.colcon_core.package_discovery:discover_packages(recursive) check parameters
[0.528s] Level 1:colcon.colcon_core.package_discovery:discover_packages(ignore) check parameters
[0.528s] Level 1:colcon.colcon_core.package_discovery:discover_packages(path) check parameters
[0.528s] Level 1:colcon.colcon_core.package_discovery:discover_packages(colcon_meta) discover
[0.529s] Level 1:colcon.colcon_core.package_discovery:discover_packages(recursive) discover
[0.529s] INFO:colcon.colcon_core.package_discovery:Crawling recursively for packages in '/ros2_ws/src'
[0.529s] Level 1:colcon.colcon_core.package_identification:_identify(.) by extensions ['ignore', 'ignore_ament_install']
[0.529s] Level 1:colcon.colcon_core.package_identification:_identify(.) by extension 'ignore'
[0.529s] Level 1:colcon.colcon_core.package_identification:_identify(.) by extension 'ignore_ament_install'
[0.529s] Level 1:colcon.colcon_core.package_identification:_identify(.) by extensions ['colcon_pkg']
[0.529s] Level 1:colcon.colcon_core.package_identification:_identify(.) by extension 'colcon_pkg'
[0.529s] Level 1:colcon.colcon_core.package_identification:_identify(.) by extensions ['colcon_meta']
[0.529s] Level 1:colcon.colcon_core.package_identification:_identify(.) by extension 'colcon_meta'
[0.529s] Level 1:colcon.colcon_core.package_identification:_identify(.) by extensions ['ros']
[0.529s] Level 1:colcon.colcon_core.package_identification:_identify(.) by extension 'ros'
[0.570s] Level 1:colcon.colcon_core.package_identification:_identify(.) by extensions ['cmake', 'python']
[0.570s] Level 1:colcon.colcon_core.package_identification:_identify(.) by extension 'cmake'
[0.570s] Level 1:colcon.colcon_core.package_identification:_identify(.) by extension 'python'
[0.570s] Level 1:colcon.colcon_core.package_identification:_identify(.) by extensions ['python_setup_py']
[0.570s] Level 1:colcon.colcon_core.package_identification:_identify(.) by extension 'python_setup_py'
[0.570s] Level 1:colcon.colcon_core.package_identification:_identify(build) by extensions ['ignore', 'ignore_ament_install']
[0.570s] Level 1:colcon.colcon_core.package_identification:_identify(build) by extension 'ignore'
[0.570s] Level 1:colcon.colcon_core.package_identification:_identify(build) ignored
[0.570s] Level 1:colcon.colcon_core.package_identification:_identify(install) by extensions ['ignore', 'ignore_ament_install']
[0.571s] Level 1:colcon.colcon_core.package_identification:_identify(install) by extension 'ignore'
[0.571s] Level 1:colcon.colcon_core.package_identification:_identify(install) ignored
[0.571s] Level 1:colcon.colcon_core.package_identification:_identify(koubot_gazebo) by extensions ['ignore', 'ignore_ament_install']
[0.571s] Level 1:colcon.colcon_core.package_identification:_identify(koubot_gazebo) by extension 'ignore'
[0.571s] Level 1:colcon.colcon_core.package_identification:_identify(koubot_gazebo) by extension 'ignore_ament_install'
[0.571s] Level 1:colcon.colcon_core.package_identification:_identify(koubot_gazebo) by extensions ['colcon_pkg']
[0.571s] Level 1:colcon.colcon_core.package_identification:_identify(koubot_gazebo) by extension 'colcon_pkg'
[0.571s] Level 1:colcon.colcon_core.package_identification:_identify(koubot_gazebo) by extensions ['colcon_meta']
[0.571s] Level 1:colcon.colcon_core.package_identification:_identify(koubot_gazebo) by extension 'colcon_meta'
[0.571s] Level 1:colcon.colcon_core.package_identification:_identify(koubot_gazebo) by extensions ['ros']
[0.571s] Level 1:colcon.colcon_core.package_identification:_identify(koubot_gazebo) by extension 'ros'
[0.575s] DEBUG:colcon.colcon_core.package_identification:Package 'koubot_gazebo' with type 'ros.ament_cmake' and name 'koubot_gazebo'
[0.575s] Level 1:colcon.colcon_core.package_identification:_identify(koubot_nav) by extensions ['ignore', 'ignore_ament_install']
[0.575s] Level 1:colcon.colcon_core.package_identification:_identify(koubot_nav) by extension 'ignore'
[0.575s] Level 1:colcon.colcon_core.package_identification:_identify(koubot_nav) by extension 'ignore_ament_install'
[0.575s] Level 1:colcon.colcon_core.package_identification:_identify(koubot_nav) by extensions ['colcon_pkg']
[0.575s] Level 1:colcon.colcon_core.package_identification:_identify(koubot_nav) by extension 'colcon_pkg'
[0.575s] Level 1:colcon.colcon_core.package_identification:_identify(koubot_nav) by extensions ['colcon_meta']
[0.575s] Level 1:colcon.colcon_core.package_identification:_identify(koubot_nav) by extension 'colcon_meta'
[0.575s] Level 1:colcon.colcon_core.package_identification:_identify(koubot_nav) by extensions ['ros']
[0.575s] Level 1:colcon.colcon_core.package_identification:_identify(koubot_nav) by extension 'ros'
[0.576s] DEBUG:colcon.colcon_core.package_identification:Package 'koubot_nav' with type 'ros.ament_cmake' and name 'koubot_nav'
[0.576s] Level 1:colcon.colcon_core.package_identification:_identify(log) by extensions ['ignore', 'ignore_ament_install']
[0.576s] Level 1:colcon.colcon_core.package_identification:_identify(log) by extension 'ignore'
[0.576s] Level 1:colcon.colcon_core.package_identification:_identify(log) ignored
[0.576s] Level 1:colcon.colcon_core.package_identification:_identify(robot_description) by extensions ['ignore', 'ignore_ament_install']
[0.577s] Level 1:colcon.colcon_core.package_identification:_identify(robot_description) by extension 'ignore'
[0.577s] Level 1:colcon.colcon_core.package_identification:_identify(robot_description) by extension 'ignore_ament_install'
[0.577s] Level 1:colcon.colcon_core.package_identification:_identify(robot_description) by extensions ['colcon_pkg']
[0.577s] Level 1:colcon.colcon_core.package_identification:_identify(robot_description) by extension 'colcon_pkg'
[0.577s] Level 1:colcon.colcon_core.package_identification:_identify(robot_description) by extensions ['colcon_meta']
[0.577s] Level 1:colcon.colcon_core.package_identification:_identify(robot_description) by extension 'colcon_meta'
[0.577s] Level 1:colcon.colcon_core.package_identification:_identify(robot_description) by extensions ['ros']
[0.577s] Level 1:colcon.colcon_core.package_identification:_identify(robot_description) by extension 'ros'
[0.578s] DEBUG:colcon.colcon_core.package_identification:Package 'robot_description' with type 'ros.ament_cmake' and name 'robot_description'
[0.578s] Level 1:colcon.colcon_core.package_discovery:discover_packages(recursive) using defaults
[0.578s] Level 1:colcon.colcon_core.package_discovery:discover_packages(ignore) discover
[0.578s] Level 1:colcon.colcon_core.package_discovery:discover_packages(ignore) using defaults
[0.578s] Level 1:colcon.colcon_core.package_discovery:discover_packages(path) discover
[0.578s] Level 1:colcon.colcon_core.package_discovery:discover_packages(path) using defaults
[0.606s] Level 5:colcon.colcon_core.verb:set package 'koubot_gazebo' build argument 'cmake_args' from command line to 'None'
[0.606s] Level 5:colcon.colcon_core.verb:set package 'koubot_gazebo' build argument 'cmake_target' from command line to 'None'
[0.606s] Level 5:colcon.colcon_core.verb:set package 'koubot_gazebo' build argument 'cmake_target_skip_unavailable' from command line to 'False'
[0.606s] Level 5:colcon.colcon_core.verb:set package 'koubot_gazebo' build argument 'cmake_clean_cache' from command line to 'False'
[0.606s] Level 5:colcon.colcon_core.verb:set package 'koubot_gazebo' build argument 'cmake_clean_first' from command line to 'False'
[0.606s] Level 5:colcon.colcon_core.verb:set package 'koubot_gazebo' build argument 'cmake_force_configure' from command line to 'False'
[0.606s] Level 5:colcon.colcon_core.verb:set package 'koubot_gazebo' build argument 'ament_cmake_args' from command line to 'None'
[0.606s] Level 5:colcon.colcon_core.verb:set package 'koubot_gazebo' build argument 'catkin_cmake_args' from command line to 'None'
[0.606s] Level 5:colcon.colcon_core.verb:set package 'koubot_gazebo' build argument 'catkin_skip_building_tests' from command line to 'False'
[0.606s] DEBUG:colcon.colcon_core.verb:Building package 'koubot_gazebo' with the following arguments: {'ament_cmake_args': None, 'build_base': '/ros2_ws/src/build/koubot_gazebo', 'catkin_cmake_args': None, 'catkin_skip_building_tests': False, 'cmake_args': None, 'cmake_clean_cache': False, 'cmake_clean_first': False, 'cmake_force_configure': False, 'cmake_target': None, 'cmake_target_skip_unavailable': False, 'install_base': '/ros2_ws/src/install/koubot_gazebo', 'merge_install': False, 'path': '/ros2_ws/src/koubot_gazebo', 'symlink_install': False, 'test_result_base': None}
[0.609s] Level 5:colcon.colcon_core.verb:set package 'koubot_nav' build argument 'cmake_args' from command line to 'None'
[0.609s] Level 5:colcon.colcon_core.verb:set package 'koubot_nav' build argument 'cmake_target' from command line to 'None'
[0.610s] Level 5:colcon.colcon_core.verb:set package 'koubot_nav' build argument 'cmake_target_skip_unavailable' from command line to 'False'
[0.610s] Level 5:colcon.colcon_core.verb:set package 'koubot_nav' build argument 'cmake_clean_cache' from command line to 'False'
[0.610s] Level 5:colcon.colcon_core.verb:set package 'koubot_nav' build argument 'cmake_clean_first' from command line to 'False'
[0.610s] Level 5:colcon.colcon_core.verb:set package 'koubot_nav' build argument 'cmake_force_configure' from command line to 'False'
[0.610s] Level 5:colcon.colcon_core.verb:set package 'koubot_nav' build argument 'ament_cmake_args' from command line to 'None'
[0.610s] Level 5:colcon.colcon_core.verb:set package 'koubot_nav' build argument 'catkin_cmake_args' from command line to 'None'
[0.610s] Level 5:colcon.colcon_core.verb:set package 'koubot_nav' build argument 'catkin_skip_building_tests' from command line to 'False'
[0.610s] DEBUG:colcon.colcon_core.verb:Building package 'koubot_nav' with the following arguments: {'ament_cmake_args': None, 'build_base': '/ros2_ws/src/build/koubot_nav', 'catkin_cmake_args': None, 'catkin_skip_building_tests': False, 'cmake_args': None, 'cmake_clean_cache': False, 'cmake_clean_first': False, 'cmake_force_configure': False, 'cmake_target': None, 'cmake_target_skip_unavailable': False, 'install_base': '/ros2_ws/src/install/koubot_nav', 'merge_install': False, 'path': '/ros2_ws/src/koubot_nav', 'symlink_install': False, 'test_result_base': None}
[0.612s] Level 5:colcon.colcon_core.verb:set package 'robot_description' build argument 'cmake_args' from command line to 'None'
[0.612s] Level 5:colcon.colcon_core.verb:set package 'robot_description' build argument 'cmake_target' from command line to 'None'
[0.612s] Level 5:colcon.colcon_core.verb:set package 'robot_description' build argument 'cmake_target_skip_unavailable' from command line to 'False'
[0.612s] Level 5:colcon.colcon_core.verb:set package 'robot_description' build argument 'cmake_clean_cache' from command line to 'False'
[0.612s] Level 5:colcon.colcon_core.verb:set package 'robot_description' build argument 'cmake_clean_first' from command line to 'False'
[0.612s] Level 5:colcon.colcon_core.verb:set package 'robot_description' build argument 'cmake_force_configure' from command line to 'False'
[0.612s] Level 5:colcon.colcon_core.verb:set package 'robot_description' build argument 'ament_cmake_args' from command line to 'None'
[0.612s] Level 5:colcon.colcon_core.verb:set package 'robot_description' build argument 'catkin_cmake_args' from command line to 'None'
[0.612s] Level 5:colcon.colcon_core.verb:set package 'robot_description' build argument 'catkin_skip_building_tests' from command line to 'False'
[0.612s] DEBUG:colcon.colcon_core.verb:Building package 'robot_description' with the following arguments: {'ament_cmake_args': None, 'build_base': '/ros2_ws/src/build/robot_description', 'catkin_cmake_args': None, 'catkin_skip_building_tests': False, 'cmake_args': None, 'cmake_clean_cache': False, 'cmake_clean_first': False, 'cmake_force_configure': False, 'cmake_target': None, 'cmake_target_skip_unavailable': False, 'install_base': '/ros2_ws/src/install/robot_description', 'merge_install': False, 'path': '/ros2_ws/src/robot_description', 'symlink_install': False, 'test_result_base': None}
[0.613s] INFO:colcon.colcon_core.executor:Executing jobs using 'parallel' executor
[0.620s] DEBUG:colcon.colcon_parallel_executor.executor.parallel:run_until_complete
[0.622s] INFO:colcon.colcon_ros.task.ament_cmake.build:Building ROS package in '/ros2_ws/src/koubot_gazebo' with build type 'ament_cmake'
[0.622s] INFO:colcon.colcon_cmake.task.cmake.build:Building CMake package in '/ros2_ws/src/koubot_gazebo'
[0.631s] INFO:colcon.colcon_core.plugin_system:Skipping extension 'colcon_core.shell.bat': Not used on non-Windows systems
[0.631s] INFO:colcon.colcon_core.shell:Skip shell extension 'powershell' for command environment: Not usable outside of PowerShell
[0.631s] DEBUG:colcon.colcon_core.shell:Skip shell extension 'dsv' for command environment
[0.643s] INFO:colcon.colcon_ros.task.ament_cmake.build:Building ROS package in '/ros2_ws/src/koubot_nav' with build type 'ament_cmake'
[0.644s] INFO:colcon.colcon_cmake.task.cmake.build:Building CMake package in '/ros2_ws/src/koubot_nav'
[0.645s] INFO:colcon.colcon_core.shell:Skip shell extension 'powershell' for command environment: Not usable outside of PowerShell
[0.646s] DEBUG:colcon.colcon_core.shell:Skip shell extension 'dsv' for command environment
[0.658s] INFO:colcon.colcon_ros.task.ament_cmake.build:Building ROS package in '/ros2_ws/src/robot_description' with build type 'ament_cmake'
[0.659s] INFO:colcon.colcon_cmake.task.cmake.build:Building CMake package in '/ros2_ws/src/robot_description'
[0.662s] INFO:colcon.colcon_core.shell:Skip shell extension 'powershell' for command environment: Not usable outside of PowerShell
[0.663s] DEBUG:colcon.colcon_core.shell:Skip shell extension 'dsv' for command environment
[0.690s] DEBUG:colcon.colcon_core.event_handler.log_command:Invoking command in '/ros2_ws/src/build/koubot_gazebo': CMAKE_PREFIX_PATH=${CMAKE_PREFIX_PATH}:/env_ws/install/turtlebot3_teleop:/env_ws/install/turtlebot3_example:/opt/ros/galactic /usr/bin/cmake --build /ros2_ws/src/build/koubot_gazebo -- -j12 -l12
[0.698s] DEBUG:colcon.colcon_core.event_handler.log_command:Invoking command in '/ros2_ws/src/build/koubot_nav': CMAKE_PREFIX_PATH=${CMAKE_PREFIX_PATH}:/env_ws/install/turtlebot3_teleop:/env_ws/install/turtlebot3_example:/opt/ros/galactic /usr/bin/cmake --build /ros2_ws/src/build/koubot_nav -- -j12 -l12
[0.709s] DEBUG:colcon.colcon_core.event_handler.log_command:Invoking command in '/ros2_ws/src/build/robot_description': CMAKE_PREFIX_PATH=${CMAKE_PREFIX_PATH}:/env_ws/install/turtlebot3_teleop:/env_ws/install/turtlebot3_example:/opt/ros/galactic /usr/bin/cmake --build /ros2_ws/src/build/robot_description -- -j12 -l12
[0.762s] DEBUG:colcon.colcon_core.event_handler.log_command:Invoked command in '/ros2_ws/src/build/koubot_nav' returned '0': CMAKE_PREFIX_PATH=${CMAKE_PREFIX_PATH}:/env_ws/install/turtlebot3_teleop:/env_ws/install/turtlebot3_example:/opt/ros/galactic /usr/bin/cmake --build /ros2_ws/src/build/koubot_nav -- -j12 -l12
[0.766s] DEBUG:colcon.colcon_core.event_handler.log_command:Invoked command in '/ros2_ws/src/build/koubot_gazebo' returned '0': CMAKE_PREFIX_PATH=${CMAKE_PREFIX_PATH}:/env_ws/install/turtlebot3_teleop:/env_ws/install/turtlebot3_example:/opt/ros/galactic /usr/bin/cmake --build /ros2_ws/src/build/koubot_gazebo -- -j12 -l12
[0.775s] DEBUG:colcon.colcon_core.event_handler.log_command:Invoked command in '/ros2_ws/src/build/robot_description' returned '0': CMAKE_PREFIX_PATH=${CMAKE_PREFIX_PATH}:/env_ws/install/turtlebot3_teleop:/env_ws/install/turtlebot3_example:/opt/ros/galactic /usr/bin/cmake --build /ros2_ws/src/build/robot_description -- -j12 -l12
[0.812s] DEBUG:colcon.colcon_core.event_handler.log_command:Invoking command in '/ros2_ws/src/build/koubot_nav': CMAKE_PREFIX_PATH=${CMAKE_PREFIX_PATH}:/env_ws/install/turtlebot3_teleop:/env_ws/install/turtlebot3_example:/opt/ros/galactic /usr/bin/cmake --install /ros2_ws/src/build/koubot_nav
[0.817s] DEBUG:colcon.colcon_core.event_handler.log_command:Invoking command in '/ros2_ws/src/build/robot_description': CMAKE_PREFIX_PATH=${CMAKE_PREFIX_PATH}:/env_ws/install/turtlebot3_teleop:/env_ws/install/turtlebot3_example:/opt/ros/galactic /usr/bin/cmake --install /ros2_ws/src/build/robot_description
[0.820s] DEBUG:colcon.colcon_core.event_handler.log_command:Invoking command in '/ros2_ws/src/build/koubot_gazebo': CMAKE_PREFIX_PATH=${CMAKE_PREFIX_PATH}:/env_ws/install/turtlebot3_teleop:/env_ws/install/turtlebot3_example:/opt/ros/galactic /usr/bin/cmake --install /ros2_ws/src/build/koubot_gazebo
[0.828s] Level 1:colcon.colcon_core.environment:create_environment_scripts_only(koubot_nav)
[0.831s] DEBUG:colcon.colcon_core.event_handler.log_command:Invoked command in '/ros2_ws/src/build/koubot_nav' returned '0': CMAKE_PREFIX_PATH=${CMAKE_PREFIX_PATH}:/env_ws/install/turtlebot3_teleop:/env_ws/install/turtlebot3_example:/opt/ros/galactic /usr/bin/cmake --install /ros2_ws/src/build/koubot_nav
[0.845s] Level 1:colcon.colcon_core.environment:checking '/ros2_ws/src/install/koubot_nav' for CMake module files
[0.847s] Level 1:colcon.colcon_core.environment:checking '/ros2_ws/src/install/koubot_nav' for CMake config files
[0.849s] Level 1:colcon.colcon_core.shell:create_environment_hook('koubot_nav', 'cmake_prefix_path')
[0.850s] INFO:colcon.colcon_core.shell:Creating environment hook '/ros2_ws/src/install/koubot_nav/share/koubot_nav/hook/cmake_prefix_path.ps1'
[0.851s] INFO:colcon.colcon_core.shell:Creating environment descriptor '/ros2_ws/src/install/koubot_nav/share/koubot_nav/hook/cmake_prefix_path.dsv'
[0.852s] INFO:colcon.colcon_core.shell:Creating environment hook '/ros2_ws/src/install/koubot_nav/share/koubot_nav/hook/cmake_prefix_path.sh'
[0.853s] Level 1:colcon.colcon_core.environment:checking '/ros2_ws/src/install/koubot_nav/bin'
[0.853s] Level 1:colcon.colcon_core.environment:checking '/ros2_ws/src/install/koubot_nav/lib/pkgconfig/koubot_nav.pc'
[0.854s] Level 1:colcon.colcon_core.environment:checking '/ros2_ws/src/install/koubot_nav/lib/python3.8/site-packages'
[0.854s] Level 1:colcon.colcon_core.environment:checking '/ros2_ws/src/install/koubot_nav/bin'
[0.855s] INFO:colcon.colcon_core.shell:Creating package script '/ros2_ws/src/install/koubot_nav/share/koubot_nav/package.ps1'
[0.857s] INFO:colcon.colcon_core.shell:Creating package descriptor '/ros2_ws/src/install/koubot_nav/share/koubot_nav/package.dsv'
[0.859s] INFO:colcon.colcon_core.shell:Creating package script '/ros2_ws/src/install/koubot_nav/share/koubot_nav/package.sh'
[0.860s] INFO:colcon.colcon_core.shell:Creating package script '/ros2_ws/src/install/koubot_nav/share/koubot_nav/package.bash'
[0.862s] INFO:colcon.colcon_core.shell:Creating package script '/ros2_ws/src/install/koubot_nav/share/koubot_nav/package.zsh'
[0.863s] Level 1:colcon.colcon_core.environment:create_file_with_runtime_dependencies(/ros2_ws/src/install/koubot_nav/share/colcon-core/packages/koubot_nav)
[0.866s] Level 1:colcon.colcon_core.environment:create_environment_scripts_only(robot_description)
[0.872s] Level 1:colcon.colcon_core.environment:checking '/ros2_ws/src/install/robot_description' for CMake module files
[0.873s] DEBUG:colcon.colcon_core.event_handler.log_command:Invoked command in '/ros2_ws/src/build/robot_description' returned '0': CMAKE_PREFIX_PATH=${CMAKE_PREFIX_PATH}:/env_ws/install/turtlebot3_teleop:/env_ws/install/turtlebot3_example:/opt/ros/galactic /usr/bin/cmake --install /ros2_ws/src/build/robot_description
[0.873s] Level 1:colcon.colcon_core.environment:checking '/ros2_ws/src/install/robot_description' for CMake config files
[0.873s] Level 1:colcon.colcon_core.shell:create_environment_hook('robot_description', 'cmake_prefix_path')
[0.876s] INFO:colcon.colcon_core.shell:Creating environment hook '/ros2_ws/src/install/robot_description/share/robot_description/hook/cmake_prefix_path.ps1'
[0.876s] INFO:colcon.colcon_core.shell:Creating environment descriptor '/ros2_ws/src/install/robot_description/share/robot_description/hook/cmake_prefix_path.dsv'
[0.877s] INFO:colcon.colcon_core.shell:Creating environment hook '/ros2_ws/src/install/robot_description/share/robot_description/hook/cmake_prefix_path.sh'
[0.877s] Level 1:colcon.colcon_core.environment:checking '/ros2_ws/src/install/robot_description/bin'
[0.877s] Level 1:colcon.colcon_core.environment:checking '/ros2_ws/src/install/robot_description/lib/pkgconfig/robot_description.pc'
[0.878s] Level 1:colcon.colcon_core.environment:checking '/ros2_ws/src/install/robot_description/lib/python3.8/site-packages'
[0.878s] Level 1:colcon.colcon_core.environment:checking '/ros2_ws/src/install/robot_description/bin'
[0.880s] INFO:colcon.colcon_core.shell:Creating package script '/ros2_ws/src/install/robot_description/share/robot_description/package.ps1'
[0.881s] INFO:colcon.colcon_core.shell:Creating package descriptor '/ros2_ws/src/install/robot_description/share/robot_description/package.dsv'
[0.881s] INFO:colcon.colcon_core.shell:Creating package script '/ros2_ws/src/install/robot_description/share/robot_description/package.sh'
[0.882s] INFO:colcon.colcon_core.shell:Creating package script '/ros2_ws/src/install/robot_description/share/robot_description/package.bash'
[0.882s] INFO:colcon.colcon_core.shell:Creating package script '/ros2_ws/src/install/robot_description/share/robot_description/package.zsh'
[0.882s] Level 1:colcon.colcon_core.environment:create_file_with_runtime_dependencies(/ros2_ws/src/install/robot_description/share/colcon-core/packages/robot_description)
[0.885s] Level 1:colcon.colcon_core.environment:create_environment_scripts_only(koubot_gazebo)
[0.888s] Level 1:colcon.colcon_core.environment:checking '/ros2_ws/src/install/koubot_gazebo' for CMake module files
[0.889s] DEBUG:colcon.colcon_core.event_handler.log_command:Invoked command in '/ros2_ws/src/build/koubot_gazebo' returned '0': CMAKE_PREFIX_PATH=${CMAKE_PREFIX_PATH}:/env_ws/install/turtlebot3_teleop:/env_ws/install/turtlebot3_example:/opt/ros/galactic /usr/bin/cmake --install /ros2_ws/src/build/koubot_gazebo
[0.889s] Level 1:colcon.colcon_core.environment:checking '/ros2_ws/src/install/koubot_gazebo' for CMake config files
[0.889s] Level 1:colcon.colcon_core.shell:create_environment_hook('koubot_gazebo', 'cmake_prefix_path')
[0.892s] INFO:colcon.colcon_core.shell:Creating environment hook '/ros2_ws/src/install/koubot_gazebo/share/koubot_gazebo/hook/cmake_prefix_path.ps1'
[0.894s] INFO:colcon.colcon_core.shell:Creating environment descriptor '/ros2_ws/src/install/koubot_gazebo/share/koubot_gazebo/hook/cmake_prefix_path.dsv'
[0.896s] INFO:colcon.colcon_core.shell:Creating environment hook '/ros2_ws/src/install/koubot_gazebo/share/koubot_gazebo/hook/cmake_prefix_path.sh'
[0.897s] Level 1:colcon.colcon_core.environment:checking '/ros2_ws/src/install/koubot_gazebo/bin'
[0.897s] Level 1:colcon.colcon_core.environment:checking '/ros2_ws/src/install/koubot_gazebo/lib/pkgconfig/koubot_gazebo.pc'
[0.898s] Level 1:colcon.colcon_core.environment:checking '/ros2_ws/src/install/koubot_gazebo/lib/python3.8/site-packages'
[0.898s] Level 1:colcon.colcon_core.environment:checking '/ros2_ws/src/install/koubot_gazebo/bin'
[0.900s] INFO:colcon.colcon_core.shell:Creating package script '/ros2_ws/src/install/koubot_gazebo/share/koubot_gazebo/package.ps1'
[0.900s] INFO:colcon.colcon_core.shell:Creating package descriptor '/ros2_ws/src/install/koubot_gazebo/share/koubot_gazebo/package.dsv'
[0.901s] INFO:colcon.colcon_core.shell:Creating package script '/ros2_ws/src/install/koubot_gazebo/share/koubot_gazebo/package.sh'
[0.901s] INFO:colcon.colcon_core.shell:Creating package script '/ros2_ws/src/install/koubot_gazebo/share/koubot_gazebo/package.bash'
[0.902s] INFO:colcon.colcon_core.shell:Creating package script '/ros2_ws/src/install/koubot_gazebo/share/koubot_gazebo/package.zsh'
[0.902s] Level 1:colcon.colcon_core.environment:create_file_with_runtime_dependencies(/ros2_ws/src/install/koubot_gazebo/share/colcon-core/packages/koubot_gazebo)
[0.915s] Level 1:colcon.colcon_core.environment:create_environment_scripts_only(koubot_nav)
[0.919s] Level 1:colcon.colcon_core.environment:checking '/ros2_ws/src/install/koubot_nav' for CMake module files
[0.921s] Level 1:colcon.colcon_core.environment:checking '/ros2_ws/src/install/koubot_nav' for CMake config files
[0.922s] Level 1:colcon.colcon_core.shell:create_environment_hook('koubot_nav', 'cmake_prefix_path')
[0.924s] INFO:colcon.colcon_core.shell:Creating environment hook '/ros2_ws/src/install/koubot_nav/share/koubot_nav/hook/cmake_prefix_path.ps1'
[0.924s] INFO:colcon.colcon_core.shell:Creating environment descriptor '/ros2_ws/src/install/koubot_nav/share/koubot_nav/hook/cmake_prefix_path.dsv'
[0.925s] INFO:colcon.colcon_core.shell:Creating environment hook '/ros2_ws/src/install/koubot_nav/share/koubot_nav/hook/cmake_prefix_path.sh'
[0.925s] Level 1:colcon.colcon_core.environment:checking '/ros2_ws/src/install/koubot_nav/bin'
[0.925s] Level 1:colcon.colcon_core.environment:checking '/ros2_ws/src/install/koubot_nav/lib/pkgconfig/koubot_nav.pc'
[0.926s] Level 1:colcon.colcon_core.environment:checking '/ros2_ws/src/install/koubot_nav/lib/python3.8/site-packages'
[0.926s] Level 1:colcon.colcon_core.environment:checking '/ros2_ws/src/install/koubot_nav/bin'
[0.930s] INFO:colcon.colcon_core.shell:Creating package script '/ros2_ws/src/install/koubot_nav/share/koubot_nav/package.ps1'
[0.931s] INFO:colcon.colcon_core.shell:Creating package descriptor '/ros2_ws/src/install/koubot_nav/share/koubot_nav/package.dsv'
[0.932s] INFO:colcon.colcon_core.shell:Creating package script '/ros2_ws/src/install/koubot_nav/share/koubot_nav/package.sh'
[0.932s] INFO:colcon.colcon_core.shell:Creating package script '/ros2_ws/src/install/koubot_nav/share/koubot_nav/package.bash'
[0.933s] INFO:colcon.colcon_core.shell:Creating package script '/ros2_ws/src/install/koubot_nav/share/koubot_nav/package.zsh'
[0.934s] Level 1:colcon.colcon_core.environment:create_file_with_runtime_dependencies(/ros2_ws/src/install/koubot_nav/share/colcon-core/packages/koubot_nav)
[0.937s] Level 1:colcon.colcon_core.environment:create_environment_scripts_only(robot_description)
[0.940s] Level 1:colcon.colcon_core.environment:checking '/ros2_ws/src/install/robot_description' for CMake module files
[0.942s] Level 1:colcon.colcon_core.environment:checking '/ros2_ws/src/install/robot_description' for CMake config files
[0.942s] Level 1:colcon.colcon_core.shell:create_environment_hook('robot_description', 'cmake_prefix_path')
[0.944s] INFO:colcon.colcon_core.shell:Creating environment hook '/ros2_ws/src/install/robot_description/share/robot_description/hook/cmake_prefix_path.ps1'
[0.944s] INFO:colcon.colcon_core.shell:Creating environment descriptor '/ros2_ws/src/install/robot_description/share/robot_description/hook/cmake_prefix_path.dsv'
[0.945s] INFO:colcon.colcon_core.shell:Creating environment hook '/ros2_ws/src/install/robot_description/share/robot_description/hook/cmake_prefix_path.sh'
[0.945s] Level 1:colcon.colcon_core.environment:checking '/ros2_ws/src/install/robot_description/bin'
[0.945s] Level 1:colcon.colcon_core.environment:checking '/ros2_ws/src/install/robot_description/lib/pkgconfig/robot_description.pc'
[0.946s] Level 1:colcon.colcon_core.environment:checking '/ros2_ws/src/install/robot_description/lib/python3.8/site-packages'
[0.946s] Level 1:colcon.colcon_core.environment:checking '/ros2_ws/src/install/robot_description/bin'
[0.951s] INFO:colcon.colcon_core.shell:Creating package script '/ros2_ws/src/install/robot_description/share/robot_description/package.ps1'
[0.952s] INFO:colcon.colcon_core.shell:Creating package descriptor '/ros2_ws/src/install/robot_description/share/robot_description/package.dsv'
[0.952s] INFO:colcon.colcon_core.shell:Creating package script '/ros2_ws/src/install/robot_description/share/robot_description/package.sh'
[0.953s] INFO:colcon.colcon_core.shell:Creating package script '/ros2_ws/src/install/robot_description/share/robot_description/package.bash'
[0.954s] INFO:colcon.colcon_core.shell:Creating package script '/ros2_ws/src/install/robot_description/share/robot_description/package.zsh'
[0.955s] Level 1:colcon.colcon_core.environment:create_file_with_runtime_dependencies(/ros2_ws/src/install/robot_description/share/colcon-core/packages/robot_description)
[0.957s] Level 1:colcon.colcon_core.environment:create_environment_scripts_only(koubot_gazebo)
[0.960s] Level 1:colcon.colcon_core.environment:checking '/ros2_ws/src/install/koubot_gazebo' for CMake module files
[0.961s] Level 1:colcon.colcon_core.environment:checking '/ros2_ws/src/install/koubot_gazebo' for CMake config files
[0.961s] Level 1:colcon.colcon_core.shell:create_environment_hook('koubot_gazebo', 'cmake_prefix_path')
[0.963s] INFO:colcon.colcon_core.shell:Creating environment hook '/ros2_ws/src/install/koubot_gazebo/share/koubot_gazebo/hook/cmake_prefix_path.ps1'
[0.963s] INFO:colcon.colcon_core.shell:Creating environment descriptor '/ros2_ws/src/install/koubot_gazebo/share/koubot_gazebo/hook/cmake_prefix_path.dsv'
[0.964s] INFO:colcon.colcon_core.shell:Creating environment hook '/ros2_ws/src/install/koubot_gazebo/share/koubot_gazebo/hook/cmake_prefix_path.sh'
[0.965s] Level 1:colcon.colcon_core.environment:checking '/ros2_ws/src/install/koubot_gazebo/bin'
[0.965s] Level 1:colcon.colcon_core.environment:checking '/ros2_ws/src/install/koubot_gazebo/lib/pkgconfig/koubot_gazebo.pc'
[0.965s] Level 1:colcon.colcon_core.environment:checking '/ros2_ws/src/install/koubot_gazebo/lib/python3.8/site-packages'
[0.965s] Level 1:colcon.colcon_core.environment:checking '/ros2_ws/src/install/koubot_gazebo/bin'
[0.967s] INFO:colcon.colcon_core.shell:Creating package script '/ros2_ws/src/install/koubot_gazebo/share/koubot_gazebo/package.ps1'
[0.969s] INFO:colcon.colcon_core.shell:Creating package descriptor '/ros2_ws/src/install/koubot_gazebo/share/koubot_gazebo/package.dsv'
[0.970s] INFO:colcon.colcon_core.shell:Creating package script '/ros2_ws/src/install/koubot_gazebo/share/koubot_gazebo/package.sh'
[0.972s] INFO:colcon.colcon_core.shell:Creating package script '/ros2_ws/src/install/koubot_gazebo/share/koubot_gazebo/package.bash'
[0.972s] INFO:colcon.colcon_core.shell:Creating package script '/ros2_ws/src/install/koubot_gazebo/share/koubot_gazebo/package.zsh'
[0.974s] Level 1:colcon.colcon_core.environment:create_file_with_runtime_dependencies(/ros2_ws/src/install/koubot_gazebo/share/colcon-core/packages/koubot_gazebo)
[0.974s] DEBUG:colcon.colcon_parallel_executor.executor.parallel:closing loop
[0.975s] DEBUG:colcon.colcon_parallel_executor.executor.parallel:loop closed
[0.975s] DEBUG:colcon.colcon_parallel_executor.executor.parallel:run_until_complete finished with '0'
[0.975s] DEBUG:colcon.colcon_core.event_reactor:joining thread
[0.985s] INFO:colcon.colcon_core.plugin_system:Skipping extension 'colcon_notification.desktop_notification.notify_send': Could not find 'notify-send'
[0.985s] INFO:colcon.colcon_core.plugin_system:Skipping extension 'colcon_notification.desktop_notification.terminal_notifier': Not used on non-Darwin systems
[0.985s] INFO:colcon.colcon_core.plugin_system:Skipping extension 'colcon_notification.desktop_notification.win32': Not used on non-Windows systems
[0.985s] INFO:colcon.colcon_notification.desktop_notification:Sending desktop notification using 'notify2'
[0.993s] DEBUG:colcon.colcon_notification.desktop_notification.notify2:Failed to initialize notify2: org.freedesktop.DBus.Error.ServiceUnknown: The name org.freedesktop.Notifications was not provided by any .service files
[0.993s] DEBUG:colcon.colcon_core.event_reactor:joined thread
[0.996s] INFO:colcon.colcon_core.shell:Creating prefix script '/ros2_ws/src/install/local_setup.ps1'
[0.998s] INFO:colcon.colcon_core.shell:Creating prefix util module '/ros2_ws/src/install/_local_setup_util_ps1.py'
[1.001s] INFO:colcon.colcon_core.shell:Creating prefix chain script '/ros2_ws/src/install/setup.ps1'
[1.005s] INFO:colcon.colcon_core.shell:Creating prefix script '/ros2_ws/src/install/local_setup.sh'
[1.006s] INFO:colcon.colcon_core.shell:Creating prefix util module '/ros2_ws/src/install/_local_setup_util_sh.py'
[1.008s] INFO:colcon.colcon_core.shell:Creating prefix chain script '/ros2_ws/src/install/setup.sh'
[1.011s] INFO:colcon.colcon_core.shell:Creating prefix script '/ros2_ws/src/install/local_setup.bash'
[1.013s] INFO:colcon.colcon_core.shell:Creating prefix chain script '/ros2_ws/src/install/setup.bash'
[1.016s] INFO:colcon.colcon_core.shell:Creating prefix script '/ros2_ws/src/install/local_setup.zsh'
[1.017s] INFO:colcon.colcon_core.shell:Creating prefix chain script '/ros2_ws/src/install/setup.zsh'
