[0.032s] Invoking command in '/ros2_ws/src/build/robot_description': CMAKE_PREFIX_PATH=${CMAKE_PREFIX_PATH}:/env_ws/install/turtlebot3_teleop:/env_ws/install/turtlebot3_example:/opt/ros/galactic /usr/bin/cmake /ros2_ws/src/robot_description -DCMAKE_INSTALL_PREFIX=/ros2_ws/src/install/robot_description
[0.187s] -- The C compiler identification is GNU 9.4.0
[0.329s] -- The CXX compiler identification is GNU 9.4.0
[0.336s] -- Check for working C compiler: /usr/bin/cc
[0.452s] -- Check for working C compiler: /usr/bin/cc -- works
[0.454s] -- Detecting C compiler ABI info
[0.612s] -- Detecting C compiler ABI info - done
[0.633s] -- Detecting C compile features
[0.634s] -- Detecting C compile features - done
[0.639s] -- Check for working CXX compiler: /usr/bin/c++
[0.789s] -- Check for working CXX compiler: /usr/bin/c++ -- works
[0.790s] -- Detecting CXX compiler ABI info
[0.927s] -- Detecting CXX compiler ABI info - done
[0.950s] -- Detecting CXX compile features
[0.951s] -- Detecting CXX compile features - done
[0.959s] -- Found ament_cmake: 1.1.6 (/opt/ros/galactic/share/ament_cmake/cmake)
[1.029s] -- Found PythonInterp: /usr/bin/python3 (found suitable version "3.8.10", minimum required is "3") 
[1.030s] -- Using PYTHON_EXECUTABLE: /usr/bin/python3
[1.237s] -- Found rviz2: 8.5.2 (/opt/ros/galactic/share/rviz2/cmake)
[1.241s] -- Found xacro: 2.0.7 (/opt/ros/galactic/share/xacro/cmake)
[1.248s] -- Found ament_lint_auto: 0.10.7 (/opt/ros/galactic/share/ament_lint_auto/cmake)
[1.401s] -- Added test 'copyright' to check source files copyright and LICENSE
[1.403s] -- Added test 'flake8' to check Python code syntax and style conventions
[1.404s] -- Added test 'lint_cmake' to check CMake code style
[1.408s] -- Added test 'pep257' to check Python code against some of the style conventions in PEP 257
[1.410s] -- Added test 'xmllint' to check XML markup files
[1.413s] -- Configuring done
[1.415s] -- Generating done
[1.416s] -- Build files have been written to: /ros2_ws/src/build/robot_description
[1.426s] Invoked command in '/ros2_ws/src/build/robot_description' returned '0': CMAKE_PREFIX_PATH=${CMAKE_PREFIX_PATH}:/env_ws/install/turtlebot3_teleop:/env_ws/install/turtlebot3_example:/opt/ros/galactic /usr/bin/cmake /ros2_ws/src/robot_description -DCMAKE_INSTALL_PREFIX=/ros2_ws/src/install/robot_description
[1.429s] Invoking command in '/ros2_ws/src/build/robot_description': CMAKE_PREFIX_PATH=${CMAKE_PREFIX_PATH}:/env_ws/install/turtlebot3_teleop:/env_ws/install/turtlebot3_example:/opt/ros/galactic /usr/bin/cmake --build /ros2_ws/src/build/robot_description -- -j12 -l12
[1.494s] Invoked command in '/ros2_ws/src/build/robot_description' returned '0': CMAKE_PREFIX_PATH=${CMAKE_PREFIX_PATH}:/env_ws/install/turtlebot3_teleop:/env_ws/install/turtlebot3_example:/opt/ros/galactic /usr/bin/cmake --build /ros2_ws/src/build/robot_description -- -j12 -l12
[1.553s] Invoking command in '/ros2_ws/src/build/robot_description': CMAKE_PREFIX_PATH=${CMAKE_PREFIX_PATH}:/env_ws/install/turtlebot3_teleop:/env_ws/install/turtlebot3_example:/opt/ros/galactic /usr/bin/cmake --install /ros2_ws/src/build/robot_description
[1.574s] -- Install configuration: ""
[1.574s] -- Installing: /ros2_ws/src/install/robot_description/share/robot_description//urdf
[1.574s] -- Installing: /ros2_ws/src/install/robot_description/share/robot_description//urdf/base
[1.574s] -- Installing: /ros2_ws/src/install/robot_description/share/robot_description//urdf/base/mpo_500.urdf
[1.575s] -- Installing: /ros2_ws/src/install/robot_description/share/robot_description//urdf/base/koubot_base.xacro
[1.575s] -- Installing: /ros2_ws/src/install/robot_description/share/robot_description//urdf/base/koubot_base.gazebo
[1.575s] -- Installing: /ros2_ws/src/install/robot_description/share/robot_description//urdf/manipulator
[1.575s] -- Installing: /ros2_ws/src/install/robot_description/share/robot_description//rviz
[1.575s] -- Installing: /ros2_ws/src/install/robot_description/share/robot_description//rviz/urdf.rviz
[1.575s] -- Installing: /ros2_ws/src/install/robot_description/share/robot_description//launch
[1.575s] -- Installing: /ros2_ws/src/install/robot_description/share/robot_description//launch/spawn.launch.py
[1.576s] -- Installing: /ros2_ws/src/install/robot_description/share/robot_description//config
[1.576s] -- Installing: /ros2_ws/src/install/robot_description/share/robot_description//config/rb1_controller.yaml
[1.576s] -- Installing: /ros2_ws/src/install/robot_description/share/robot_description//config/koubot_controller.yaml
[1.576s] -- Installing: /ros2_ws/src/install/robot_description/share/robot_description//config/navigation.yaml
[1.576s] -- Installing: /ros2_ws/src/install/robot_description/share/robot_description//meshes
[1.576s] -- Installing: /ros2_ws/src/install/robot_description/share/robot_description//meshes/chassis.stl
[1.578s] -- Installing: /ros2_ws/src/install/robot_description/share/robot_description//meshes/chassis.dae
[1.581s] -- Installing: /ros2_ws/src/install/robot_description/share/robot_description//meshes/wheels.dae
[1.583s] -- Installing: /ros2_ws/src/install/robot_description/share/ament_index/resource_index/package_run_dependencies/robot_description
[1.583s] -- Installing: /ros2_ws/src/install/robot_description/share/ament_index/resource_index/parent_prefix_path/robot_description
[1.583s] -- Installing: /ros2_ws/src/install/robot_description/share/robot_description/environment/ament_prefix_path.sh
[1.584s] -- Installing: /ros2_ws/src/install/robot_description/share/robot_description/environment/ament_prefix_path.dsv
[1.584s] -- Installing: /ros2_ws/src/install/robot_description/share/robot_description/environment/path.sh
[1.584s] -- Installing: /ros2_ws/src/install/robot_description/share/robot_description/environment/path.dsv
[1.585s] -- Installing: /ros2_ws/src/install/robot_description/share/robot_description/local_setup.bash
[1.585s] -- Installing: /ros2_ws/src/install/robot_description/share/robot_description/local_setup.sh
[1.586s] -- Installing: /ros2_ws/src/install/robot_description/share/robot_description/local_setup.zsh
[1.586s] -- Installing: /ros2_ws/src/install/robot_description/share/robot_description/local_setup.dsv
[1.587s] -- Installing: /ros2_ws/src/install/robot_description/share/robot_description/package.dsv
[1.587s] -- Installing: /ros2_ws/src/install/robot_description/share/ament_index/resource_index/packages/robot_description
[1.587s] -- Installing: /ros2_ws/src/install/robot_description/share/robot_description/cmake/robot_descriptionConfig.cmake
[1.587s] -- Installing: /ros2_ws/src/install/robot_description/share/robot_description/cmake/robot_descriptionConfig-version.cmake
[1.587s] -- Installing: /ros2_ws/src/install/robot_description/share/robot_description/package.xml
[1.593s] Invoked command in '/ros2_ws/src/build/robot_description' returned '0': CMAKE_PREFIX_PATH=${CMAKE_PREFIX_PATH}:/env_ws/install/turtlebot3_teleop:/env_ws/install/turtlebot3_example:/opt/ros/galactic /usr/bin/cmake --install /ros2_ws/src/build/robot_description
